0 9.074360 1 0 0 0 0 23.531943 0 0 0 0 32.623133
1 0.831423 2 0 0 0 0 46.754752 0 0 0 0 47.595615
2 0.740373 1 0 0 0 0 23.714468 0 0 0 0 24.478921
3 0.750628 2 0 0 0 0 46.425978 0 0 0 0 47.191526
4 0.888898 1 0 0 0 0 23.656697 0 0 0 0 24.559726
5 0.731008 2 0 0 0 0 48.447463 0 0 0 0 49.187801
6 0.870778 0 0 0 0 0 0 0 0 0 0 0.881108
7 0.679689 2 0 0 0 0 52.916313 0 0 0 0 53.612302
8 3.449442 2 0 0 0 0 47.641005 0 0 0 0 51.098987
9 0.937178 4 0 0 0 0 92.390826 0 0 0 0 93.336314
10 1.058348 4 0 0 0 0 94.151122 0 0 0 0 95.220580
11 0.788088 2 0 0 0 0 47.088066 0 0 0 0 47.885414
12 1.260157 2 0 0 0 0 46.822397 0 0 0 0 48.091524
13 0.779258 2 0 0 0 0 46.078599 0 0 0 0 46.866876
14 0.759219 1 0 0 0 0 23.023409 0 0 0 0 23.791228
15 1.035608 4 0 0 0 0 92.950826 0 0 0 0 93.995993
16 0.818428 1 0 0 0 0 23.466148 0 0 0 0 24.296076
17 0.698608 2 1 1 1 1 46.232759 91.767577 419.255060 1982.523908 17858.116596 20398.619528
18 1.263462 4 0 0 0 0 94.022573 0 0 0 0 95.301775
19 1.288917 4 1 1 1 1 94.501497 93.746133 421.632745 2260.319470 18026.281946 20897.796048
20 1.289502 4 2 2 2 2 127.331849 370.424983 845.021091 4042.229821 35969.598283 41355.926649
21 1.356067 4 0 0 0 0 94.016883 0 0 0 0 95.388930
22 1.357547 2 0 0 0 0 46.839446 0 0 0 0 48.205473
23 1.312048 2 0 0 0 0 47.223796 0 0 0 0 48.546723
24 0.920728 1 0 0 0 0 23.955048 0 0 0 0 24.885016
25 0.780959 2 0 0 0 0 46.995796 0 0 0 0 47.784925
26 0.729929 2 0 0 0 0 47.967984 0 0 0 0 48.706093
27 0.707268 2 0 0 0 0 47.695345 0 0 0 0 48.414183
28 0.831588 1 0 0 0 0 24.060967 0 0 0 0 24.901835
29 0.827188 1 0 0 0 0 23.692133 0 0 0 0 24.527881
30 0.777003 2 0 0 0 0 49.021602 0 0 0 0 49.810735
31 0.905618 2 0 0 0 0 47.719310 0 0 0 0 48.634768
32 1.110822 1 0 0 0 0 24.024247 0 0 0 0 25.143429
33 1.109248 4 0 0 0 0 94.417412 0 0 0 0 95.538619
34 0.901029 2 0 0 0 0 48.055243 0 0 0 0 48.967312
35 1.131317 4 0 0 0 0 103.061443 0 0 0 0 104.202000
36 1.439097 2 0 0 0 0 47.282506 0 0 0 0 48.732892
37 1.360157 2 0 0 0 0 47.302456 0 0 0 0 48.674253
38 1.285527 4 0 0 0 0 95.180720 0 0 0 0 96.483967
39 1.390837 4 0 0 0 0 96.001908 0 0 0 0 97.403475
40 0.944468 1 0 0 0 0 24.344856 0 0 0 0 25.298515
41 0.760739 2 0 0 0 0 47.393105 0 0 0 0 48.162444
42 0.802509 2 0 0 0 0 47.747075 0 0 0 0 48.558263
43 0.947418 1 0 0 0 0 24.019817 0 0 0 0 24.991055
44 0.727468 2 0 0 0 0 47.164327 0 0 0 0 47.902664
45 0.889098 1 0 0 0 0 23.880187 0 0 0 0 24.778695
46 0.787928 2 0 0 0 0 47.710065 0 0 0 0 48.506313
47 0.903628 2 0 0 0 0 48.519003 0 0 0 0 49.430891
48 1.337727 2 0 0 0 0 47.084726 0 0 0 0 48.433883
49 0.997958 2 0 0 0 0 48.002064 0 0 0 0 49.011552
50 1.249977 3 0 0 0 0 70.692664 0 0 0 0 71.954561
51 1.032648 1 0 0 0 0 24.015037 0 0 0 0 25.056285
52 1.197602 3 0 0 0 0 71.505667 0 0 0 0 72.714430
53 1.423837 2 0 0 0 0 47.396696 0 0 0 0 48.832703
54 0.871048 2 0 0 0 0 47.961854 0 0 0 0 48.841462
55 1.299157 3 0 0 0 0 71.344653 0 0 0 0 72.651990
56 0.984228 1 0 0 0 0 24.098207 0 0 0 0 25.090695
57 1.274908 3 0 0 0 0 71.383007 0 0 0 0 72.671735
58 0.907183 2 1 0 0 0 48.031224 93.863813 0 0 0 142.817820
59 1.508387 2 0 0 0 0 47.320166 0 0 0 0 48.837673
60 1.214587 3 0 0 0 0 70.056415 0 0 0 0 71.281552
61 1.555367 2 0 0 0 0 47.182566 0 0 0 0 48.747923
62 1.308947 3 1 0 0 0 70.803854 93.977782 0 0 0 166.106183
63 1.331417 3 0 0 0 0 70.609554 0 0 0 0 71.950261
64 0.940718 1 0 0 0 0 23.841237 0 0 0 0 24.792535
65 0.832088 1 0 0 0 0 23.659858 0 0 0 0 24.501066
66 0.931038 1 0 0 0 0 23.690248 0 0 0 0 24.629576
67 0.896858 1 0 0 0 0 23.487058 0 0 0 0 24.392136
68 0.803728 1 0 0 0 0 23.887867 0 0 0 0 24.699705
69 0.829078 1 0 0 0 0 24.118177 0 0 0 0 24.955514
70 0.923137 1 0 0 0 0 23.686878 0 0 0 0 24.618125
71 0.790778 1 0 0 0 0 24.011778 0 0 0 0 24.811116
72 0.784839 1 0 0 0 0 23.946507 0 0 0 0 24.739626
73 0.926118 1 0 0 0 0 23.394628 0 0 0 0 24.329056
74 1.299677 2 0 0 0 0 47.309756 0 0 0 0 48.621113
75 1.316267 2 0 0 0 0 46.498548 0 0 0 0 47.823825
76 1.363397 2 0 0 0 0 47.088627 0 0 0 0 48.462104
77 1.281388 2 0 0 0 0 46.838257 0 0 0 0 48.129354
78 1.460817 2 0 0 0 0 46.955367 0 0 0 0 48.424144
79 1.302517 2 0 0 0 0 47.369535 0 0 0 0 48.683062
80 1.036508 0 0 0 0 0 0 0 0 0 0 1.042298
81 1.186657 0 0 0 0 0 0 0 0 0 0 1.190517
82 1.151058 0 0 0 0 0 0 0 0 0 0 1.154858
83 0.896928 0 0 0 0 0 0 0 0 0 0 0.900958
84 0.971498 0 0 0 0 0 0 0 0 0 0 0.975487
85 0.941078 0 0 0 0 0 0 0 0 0 0 0.945058
86 0.968328 0 0 0 0 0 0 0 0 0 0 0.972318
87 0.898538 0 0 0 0 0 0 0 0 0 0 0.902498
88 2.547565 4 0 0 0 0 93.151430 0 0 0 0 95.712015
89 2.549850 4 0 0 0 0 93.782633 0 0 0 0 96.347813
90 2.320665 4 1 0 0 0 93.966403 92.602946 0 0 0 188.902793
91 1.397517 2 0 0 0 0 49.724720 0 0 0 0 51.134328
92 1.305997 2 0 0 0 0 46.631397 0 0 0 0 47.946854
93 2.365564 4 0 0 0 0 93.691594 0 0 0 0 96.067108
94 0.920178 1 0 0 0 0 23.735848 0 0 0 0 24.664975
95 2.401125 4 1 0 0 0 94.145373 93.049155 0 0 0 189.607032
96 1.489627 2 0 0 0 0 46.818127 0 0 0 0 48.319254
97 0.928058 1 0 0 0 0 23.600757 0 0 0 0 24.537935
98 1.468376 2 0 0 0 0 46.964457 0 0 0 0 48.440853
99 1.383177 2 0 0 0 0 47.202416 0 0 0 0 48.596863
1.95 0.08 0.04 0.04 0.04 
46.5713 9.29432 16.8591 82.8507 718.54 
