0 7.553102 10819.047013
1 0.539325 24885.739153
2 0.556929 13590.652723
3 0.603417 27455.426220
4 0.597656 11888.675773
5 0.567950 20673.170162
6 0.610480 0
7 0.415934 20381.907105
8 0.740025 20667.066037
9 0.707373 51607.831464
10 0.948829 43922.614922
11 0.561789 19932.468990
12 0.818063 19921.236962
13 0.551761 19831.344104
14 0.566309 9825.732055
15 0.719797 40357.214662
16 0.551059 9983.016047
17 0.478182 19979.447944
18 0.697385 39622.549349
19 0.697336 39970.351674
20 0.717104 43285.695318
21 0.804318 52946.545591
22 1.140884 28075.157532
23 0.880011 27582.151935
24 0.585956 10834.103370
25 0.559216 20489.674553
26 0.500194 19813.735746
27 0.491678 20137.341392
28 0.604201 10676.154269
29 0.819337 12160.240720
30 0.734888 26049.206101
31 0.706064 28020.775387
32 0.617627 13744.120734
33 0.779562 41696.437686
34 0.527977 19978.516796
35 0.700263 44504.723304
36 0.878229 25911.550159
37 0.938723 26849.103126
38 1.096461 41857.776225
39 0.715031 40046.405725
40 0.552244 9959.241641
41 0.469947 21443.016915
42 0.528178 24857.351968
43 0.615563 13559.272193
44 0.539349 25729.103318
45 0.584033 10407.356562
46 0.541563 20384.048389
47 0.493422 20110.550253
48 0.867399 22374.999268
49 0.552244 25013.809776
50 0.852842 36091.330382
51 0.545470 10401.708713
52 0.760878 30339.261288
53 0.815080 20298.634786
54 0.555981 23234.638303
55 0.973550 37750.315727
56 0.774354 11385.035064
57 0.868551 30944.620735
58 0.492934 20166.784079
59 0.799533 20032.883099
60 0.761516 29666.005210
61 0.789318 19824.082480
62 0.757845 29812.832596
63 0.760969 29753.363772
64 0.513627 9873.845081
65 0.534167 9908.787226
66 0.530980 9881.976276
67 0.519787 9924.287105
68 0.558222 9929.854762
69 0.533724 9808.611288
70 0.547530 9957.600059
71 0.539294 9879.888605
72 0.531919 9956.770525
73 0.554282 9926.187549
74 0.797863 19711.870743
75 0.819293 19748.360788
76 0.904437 19902.393728
77 0.790606 19791.834398
78 0.823759 19817.008340
79 0.823147 19904.331878
80 0.607821 0
81 0.479574 0
82 0.458975 0
83 0.453985 0
84 0.441189 0
85 0.441290 0
86 0.450247 0
87 0.458814 0
88 1.126550 44160.900844
89 1.485127 53420.660495
90 2.925190 45612.493689
91 0.851815 19752.086945
92 0.806948 19747.508935
93 1.299061 40291.455913
94 0.592495 11490.871014
95 1.933424 52449.791623
96 0.962082 23078.369332
97 0.628933 10097.306814
98 0.947773 20239.995596
99 0.835718 19857.266648
