0 57.113084 10 9 6 3 3 3.849961 10.005488 27.170760 57.977212 506.641503 662.781708
1 49.573470 16 0 0 0 0 5.809668 0 0 0 0 55.395358
2 48.399463 16 0 0 0 0 5.660677 0 0 0 0 54.067991
3 48.310953 16 0 0 0 0 5.644607 0 0 0 0 53.963661
4 46.089118 10 0 0 0 0 3.636072 0 0 0 0 49.733300
5 48.012774 16 0 0 0 0 5.650608 0 0 0 0 53.671311
6 45.282160 10 0 0 0 0 3.669692 0 0 0 0 48.959761
7 48.315753 16 0 0 0 0 5.582758 0 0 0 0 53.906570
8 78.114137 14 0 0 0 0 5.047239 0 0 0 0 83.169586
9 81.933599 22 0 0 0 0 7.687244 0 0 0 0 89.629293
10 80.477093 22 0 0 0 0 7.930343 0 0 0 0 88.415676
11 51.636915 15 0 0 0 0 5.237678 0 0 0 0 56.882964
12 77.416809 14 0 0 0 0 5.127899 0 0 0 0 82.552748
13 51.560346 15 0 0 0 0 5.449098 0 0 0 0 57.017384
14 50.108190 9 0 0 0 0 3.635042 0 0 0 0 53.751081
15 80.815051 22 0 0 0 0 7.479004 0 0 0 0 88.302065
16 81.251471 11 0 0 0 0 4.044341 0 0 0 0 85.303702
17 83.705185 19 0 0 0 0 6.772725 0 0 0 0 90.485810
18 83.306186 19 0 0 0 0 6.716505 0 0 0 0 90.030911
19 82.836648 19 0 0 0 0 6.656225 0 0 0 0 89.501063
20 83.364166 19 0 0 0 0 6.696505 0 0 0 0 90.068742
21 82.167279 19 0 0 0 0 6.608846 0 0 0 0 88.784175
22 78.455437 11 0 0 0 0 4.075221 0 0 0 0 82.538578
23 80.433182 11 0 0 0 0 3.974272 0 0 0 0 84.415334
24 69.777897 15 0 0 0 0 5.337699 0 0 0 0 75.126225
25 71.311572 22 0 0 0 0 7.650364 0 0 0 0 78.970246
26 58.052251 19 0 0 0 0 6.573135 0 0 0 0 64.633537
27 71.714172 22 0 0 0 0 7.531753 0 0 0 0 79.253945
28 55.685308 12 0 0 0 0 4.295330 0 0 0 0 59.988728
29 68.249220 15 0 0 0 0 5.318878 0 0 0 0 73.576218
30 57.740562 19 0 0 0 0 6.516396 0 0 0 0 64.265138
31 71.658342 22 0 0 0 0 7.463423 0 0 0 0 79.129895
32 73.451398 13 0 0 0 0 4.537639 0 0 0 0 77.996979
33 77.646778 20 0 0 0 0 6.765435 0 0 0 0 84.420263
34 76.097852 20 0 0 0 0 7.149074 0 0 0 0 83.254937
35 76.178212 20 0 0 0 0 6.897045 0 0 0 0 83.083676
36 73.395379 13 0 0 0 0 4.603780 0 0 0 0 78.008038
37 72.418791 13 0 0 0 0 4.718019 0 0 0 0 77.146030
38 74.249746 20 0 0 0 0 6.964384 0 0 0 0 81.224671
39 76.799111 20 0 0 0 0 7.160704 0 0 0 0 83.968945
40 79.469885 15 0 0 0 0 5.268778 0 0 0 0 84.749033
41 81.595410 20 0 0 0 0 6.932625 0 0 0 0 88.538505
42 77.762168 20 0 0 0 0 7.228204 0 0 0 0 85.000752
43 74.488406 15 0 0 0 0 5.260258 0 0 0 0 79.757804
44 81.717530 20 0 0 0 0 6.812145 0 0 0 0 88.539495
45 78.815616 15 0 0 0 0 5.725317 0 0 0 0 84.549174
46 81.369741 20 0 0 0 0 7.060225 0 0 0 0 88.437896
47 77.728359 20 0 0 0 0 6.934405 0 0 0 0 84.672934
48 58.935030 13 0 0 0 0 4.692669 0 0 0 0 63.635620
49 40.016272 10 0 0 0 0 3.809362 0 0 0 0 43.834324
50 61.087345 16 0 0 0 0 5.669267 0 0 0 0 66.764973
51 38.451565 8 0 0 0 0 3.251063 0 0 0 0 41.710557
52 61.436505 16 0 0 0 0 5.691738 0 0 0 0 67.136523
53 58.425051 13 0 0 0 0 4.566619 0 0 0 0 62.999621
54 40.121162 10 0 0 0 0 3.619402 0 0 0 0 43.748424
55 60.889956 16 0 0 0 0 5.715207 0 0 0 0 66.613393
56 73.843357 15 0 0 0 0 5.438198 0 0 0 0 79.289385
57 75.465274 19 0 0 0 0 6.495126 0 0 0 0 81.970510
58 76.122123 19 0 0 0 0 6.497476 0 0 0 0 82.627918
59 73.535998 15 0 0 0 0 5.172398 0 0 0 0 78.716426
60 75.475723 19 0 0 0 0 6.510006 0 0 0 0 81.993639
61 72.147181 15 0 0 0 0 5.428338 0 0 0 0 77.583578
62 74.380125 19 0 0 0 0 6.532426 0 0 0 0 80.920801
63 73.802687 19 0 0 0 0 6.618756 0 0 0 0 80.429313
64 53.710801 15 0 0 0 0 5.191959 0 0 0 0 58.910930
65 55.025489 16 0 0 0 0 5.665598 0 0 0 0 60.698936
66 45.256630 13 0 0 0 0 4.709110 0 0 0 0 49.974880
67 55.767337 16 0 0 0 0 5.641777 0 0 0 0 61.416954
68 53.167873 15 0 0 0 0 5.415048 0 0 0 0 58.590791
69 44.027623 12 0 0 0 0 4.276951 0 0 0 0 48.312454
70 55.145898 16 0 0 0 0 5.492728 0 0 0 0 60.646466
71 44.910861 13 0 0 0 0 4.594039 0 0 0 0 49.512791
72 58.339882 13 0 0 0 0 4.672579 0 0 0 0 63.022612
73 60.434976 16 0 0 0 0 5.953227 0 0 0 0 66.396483
74 58.188332 13 0 0 0 0 4.691839 0 0 0 0 62.888021
75 62.973451 16 0 0 0 0 5.820398 0 0 0 0 68.801969
76 60.864685 16 0 0 0 0 5.731568 0 0 0 0 66.604193
77 57.966812 13 0 0 0 0 4.693719 0 0 0 0 62.668552
78 59.688498 16 0 0 0 0 5.872907 0 0 0 0 65.569445
79 60.342977 16 0 0 0 0 5.521288 0 0 0 0 65.872345
80 72.341390 17 0 0 0 0 5.826957 0 0 0 0 78.176447
81 73.664878 18 0 0 0 0 6.256516 0 0 0 0 79.929334
82 72.191911 18 0 0 0 0 6.287416 0 0 0 0 78.487297
83 69.549076 18 0 0 0 0 6.058486 0 0 0 0 75.615423
84 66.719913 17 0 0 0 0 6.197776 0 0 0 0 72.925929
85 69.211698 17 0 0 0 0 5.801758 0 0 0 0 75.021405
86 72.246951 18 0 0 0 0 6.067296 0 0 0 0 78.322267
87 69.771966 18 0 0 0 0 6.153227 0 0 0 0 75.933183
88 81.169530 17 0 0 0 0 6.169387 0 0 0 0 87.349817
89 85.886460 18 0 0 0 0 6.257347 0 0 0 0 92.152037
90 84.353324 18 0 0 0 0 6.382766 0 0 0 0 90.743930
91 49.661541 10 0 0 0 0 3.647912 0 0 0 0 53.317703
92 47.703435 9 0 0 0 0 3.255933 0 0 0 0 50.967237
93 81.149141 17 0 0 0 0 5.852677 0 0 0 0 87.011857
94 59.504408 14 0 0 0 0 4.944040 0 0 0 0 64.456538
95 84.124324 18 0 0 0 0 6.385166 0 0 0 0 90.517760
96 49.503481 10 0 0 0 0 3.782741 0 0 0 0 53.294312
97 61.670384 15 0 0 0 0 5.279089 0 0 0 0 66.957583
98 61.430884 15 0 0 0 0 6.265036 0 0 0 0 67.703840
99 60.136798 14 0 0 0 0 5.052198 0 0 0 0 65.196917
15.94 0.09 0.06 0.03 0.03 
5.64924 0.100055 0.271708 0.579772 5.06642 
