0 14.317338 16 0 0 0 0 368.967197 0 0 0 0 383.300945
1 6.090346 23 0 0 0 0 533.809023 0 0 0 0 539.912109
2 6.595245 29 0 0 0 0 676.279339 0 0 0 0 682.885954
3 6.121916 24 0 0 0 0 564.760305 0 0 0 0 570.892711
4 6.223676 15 0 0 0 0 347.106094 0 0 0 0 353.339880
5 6.204396 23 0 0 0 0 533.931103 0 0 0 0 540.144288
6 6.182986 17 0 0 0 0 392.494235 0 0 0 0 398.692351
7 6.114676 29 0 0 0 0 751.522033 0 0 0 0 757.646919
8 6.145836 18 0 0 0 0 415.768263 0 0 0 0 421.922159
9 6.045547 27 4 0 0 0 627.481606 375.131723 0 0 0 1008.672766
10 6.224926 27 3 0 0 0 631.081428 284.236394 0 0 0 921.556527
11 6.532965 25 2 0 0 0 579.450342 186.899218 0 0 0 772.893675
12 6.153696 17 2 2 2 0 391.354887 182.953307 824.223482 3922.697449 0 5327.401311
13 6.512465 29 0 0 0 0 675.064571 0 0 0 0 681.587527
14 6.101666 17 2 0 0 0 393.048703 182.551828 0 0 0 581.714047
15 6.395566 32 0 0 0 0 746.629193 0 0 0 0 753.036509
16 6.124077 16 0 0 0 0 372.024550 0 0 0 0 378.160736
17 6.317156 26 0 0 0 0 605.150306 0 0 0 0 611.476112
18 6.289646 26 0 0 0 0 606.188313 0 0 0 0 612.488709
19 6.365786 27 0 0 0 0 628.990053 0 0 0 0 635.364809
20 6.265537 31 0 0 0 0 721.172650 0 0 0 0 727.449977
21 6.273107 32 0 0 0 0 743.508991 0 0 0 0 749.791247
22 6.176876 18 0 0 0 0 415.487394 0 0 0 0 421.673610
23 6.381216 18 0 0 0 0 416.530952 0 0 0 0 422.925207
24 6.141717 17 0 0 0 0 395.093929 0 0 0 0 401.245465
25 6.385916 26 0 0 0 0 605.001036 0 0 0 0 611.395752
26 6.191066 25 0 0 0 0 580.527740 0 0 0 0 586.727446
27 6.295246 25 0 0 0 0 579.470202 0 0 0 0 585.778158
28 6.201456 17 0 0 0 0 392.181155 0 0 0 0 398.393302
29 6.124867 18 0 0 0 0 415.131074 0 0 0 0 421.265511
30 6.152817 29 0 0 0 0 670.774160 0 0 0 0 676.936398
31 6.435126 26 0 0 0 0 601.755603 0 0 0 0 608.199409
32 6.154547 17 0 0 0 0 392.550015 0 0 0 0 398.713871
33 6.202006 27 0 0 0 0 625.121982 0 0 0 0 631.337587
34 6.146876 26 0 0 0 0 601.459153 0 0 0 0 607.615160
35 6.265676 26 0 0 0 0 683.360103 0 0 0 0 689.637759
36 6.210446 17 2 2 2 0 393.311623 182.844487 823.076325 3916.444543 0 5321.906053
37 6.507125 18 0 0 0 0 418.232508 0 0 0 0 424.751483
38 6.413656 29 3 2 2 0 675.522730 280.551476 836.336741 4008.243620 0 5807.086013
39 6.099432 30 3 2 2 0 692.044418 277.933532 825.324884 3910.697066 0 5712.117873
40 5.998741 16 0 0 0 0 363.815227 0 0 0 0 369.828059
41 6.279716 25 0 0 0 0 576.415644 0 0 0 0 582.703730
42 5.983142 26 0 0 0 0 591.112696 0 0 0 0 597.105798
43 5.914327 17 0 0 0 0 382.991816 0 0 0 0 388.914522
44 6.275206 27 0 0 0 0 611.883846 0 0 0 0 618.171112
45 6.380251 18 0 0 0 0 406.001685 0 0 0 0 412.395336
46 6.149486 27 0 0 0 0 613.323187 0 0 0 0 619.483614
47 6.303717 26 0 0 0 0 596.754764 0 0 0 0 603.068161
48 6.205866 18 0 0 0 0 404.193538 0 0 0 0 410.409354
49 6.439346 26 0 0 0 0 586.413807 0 0 0 0 592.863443
50 6.132336 27 3 2 2 0 610.453844 271.651301 815.735656 3907.299523 0 5611.293360
51 6.331261 17 0 0 0 0 387.514325 0 0 0 0 393.855676
52 6.483976 27 3 2 2 0 614.040801 271.729161 812.832317 4001.092726 0 5706.200581
53 6.461310 18 0 0 0 0 407.782201 0 0 0 0 414.253751
54 6.465986 26 0 0 0 0 589.263985 0 0 0 0 595.738701
55 6.232101 27 3 2 2 0 620.233502 275.560932 818.079401 3889.632572 0 5609.755238
56 6.239321 17 0 0 0 0 382.727176 0 0 0 0 388.976257
57 6.117436 27 0 0 0 0 611.162412 0 0 0 0 617.304439
58 6.147016 26 0 0 0 0 589.763115 0 0 0 0 595.919200
59 6.543071 18 0 0 0 0 404.221848 0 0 0 0 410.773479
60 6.399326 27 0 0 0 0 611.772711 0 0 0 0 618.182627
61 6.046617 18 0 0 0 0 405.856304 0 0 0 0 411.914121
62 6.286437 27 0 0 0 0 616.156501 0 0 0 0 622.452038
63 6.448285 27 0 0 0 0 612.546839 0 0 0 0 619.003435
64 5.974286 17 0 0 0 0 383.996393 0 0 0 0 389.979580
65 6.280666 26 0 0 0 0 593.644376 0 0 0 0 599.936102
66 6.243797 26 0 0 0 0 585.804118 0 0 0 0 592.058525
67 6.508265 24 0 0 0 0 539.187541 0 0 0 0 545.705756
68 6.350966 15 0 0 0 0 338.352694 0 0 0 0 344.714090
69 6.147447 17 0 0 0 0 390.603314 0 0 0 0 396.760570
70 6.231616 24 0 0 0 0 555.849735 0 0 0 0 562.095530
71 6.491425 26 0 0 0 0 588.644412 0 0 0 0 595.145677
72 6.100246 17 0 0 0 0 383.533763 0 0 0 0 389.646871
73 6.209776 26 0 0 0 0 586.553616 0 0 0 0 592.776202
74 6.309576 18 0 0 0 0 408.503910 0 0 0 0 414.828425
75 6.519986 27 0 0 0 0 611.748511 0 0 0 0 618.278337
76 6.131086 27 0 0 0 0 606.431303 0 0 0 0 612.573499
77 6.146966 18 2 2 2 2 406.697308 178.785961 802.377346 3822.857239 34060.680163 39277.568163
78 6.622100 27 3 2 2 0 608.618888 272.956943 827.254471 3901.646640 0 5617.120722
79 7.187299 27 0 0 0 0 608.622823 0 0 0 0 615.821162
80 6.030202 17 0 0 0 0 383.334689 0 0 0 0 389.385471
81 6.267906 26 0 0 0 0 591.154387 0 0 0 0 597.433272
82 6.804951 27 0 0 0 0 618.131751 0 0 0 0 624.947103
83 6.314331 26 0 0 0 0 585.470208 0 0 0 0 591.797670
84 6.153957 17 0 0 0 0 381.597328 0 0 0 0 387.763435
85 6.148907 18 0 0 0 0 406.032395 0 0 0 0 412.192351
86 6.478266 27 0 0 0 0 618.319906 0 0 0 0 624.811402
87 6.452386 26 0 0 0 0 588.033413 0 0 0 0 594.494139
88 6.059377 18 0 0 0 0 405.599740 0 0 0 0 411.668257
89 6.217957 27 5 4 2 2 614.656790 457.740580 1648.291845 3905.494022 34880.511796 41512.935408
90 6.521851 27 4 3 3 3 610.463784 366.274047 1225.413533 5880.613366 52057.052925 60146.359065
91 6.209211 27 3 3 3 0 614.780160 273.399477 1214.875510 5820.355984 0 7929.642552
92 6.137602 18 0 0 0 0 403.313520 0 0 0 0 409.462542
93 6.214297 18 4 0 0 0 404.879438 358.994914 0 0 0 770.102307
94 6.252281 17 0 0 0 0 381.100090 0 0 0 0 387.360881
95 6.338495 27 4 3 3 3 619.555983 366.403402 1248.888596 5862.107192 52269.799035 60373.113344
96 6.673765 27 3 3 3 0 622.587007 272.316790 1230.713720 5840.914169 0 7973.223811
97 6.221701 26 0 0 0 0 586.151228 0 0 0 0 592.382309
98 6.138056 27 0 0 0 0 613.151968 0 0 0 0 619.300924
99 6.359476 18 2 0 0 0 410.406835 177.238809 0 0 0 594.017980
23.13 0.6 0.34 0.32 0.1 
531.113 54.9615 139.534 625.901 1732.68 
