0 24.300367 0 0 0 0 0 0 0 0 0 0 24.316067
1 15.980084 1 0 0 0 0 0.993448 0 0 0 0 16.985912
2 15.838795 1 0 0 0 0 0.751289 0 0 0 0 16.600614
3 15.901685 1 0 0 0 0 0.749248 0 0 0 0 16.661553
4 15.122847 0 0 0 0 0 0 0 0 0 0 15.129656
5 15.556976 1 0 0 0 0 0.754188 0 0 0 0 16.320915
6 15.031737 0 0 0 0 0 0 0 0 0 0 15.038437
7 15.590006 1 0 0 0 0 0.829698 0 0 0 0 16.429994
8 27.513280 2 2 1 1 1 1.248657 2.656914 4.987589 19.604157 165.628684 221.659761
9 28.270348 2 2 1 1 1 1.166047 2.556715 4.832419 19.471367 166.694353 223.019308
10 28.618797 2 2 1 1 1 1.316147 2.558115 4.954999 19.389827 166.730842 223.591237
11 21.693942 1 1 1 1 1 0.754459 1.500917 4.786600 19.409127 166.110204 214.276068
12 27.059680 2 2 1 1 1 1.158027 2.527295 4.825589 19.430687 165.139646 220.163474
13 21.367503 1 1 1 1 1 1.055938 2.076665 4.861049 19.599877 164.548117 213.531489
14 20.627025 1 1 1 1 1 0.751508 1.476717 4.803139 19.283988 164.823846 211.787053
15 28.504787 2 2 1 1 1 1.153908 2.556054 4.915489 20.381735 164.647607 222.180370
16 23.425879 3 2 2 2 1 1.698696 2.545594 9.197860 38.540985 164.920836 240.354670
17 23.709578 4 3 3 3 1 1.763436 3.683462 13.425950 56.947135 165.700635 265.252765
18 23.749648 4 3 3 3 1 1.707126 3.623722 13.650950 57.328293 165.886805 265.967404
19 23.752908 4 3 3 3 1 1.811516 3.554632 13.549730 58.247312 165.501535 266.438533
20 23.195399 4 3 3 3 1 1.776416 3.654812 13.750129 57.189124 165.625445 265.214825
21 23.469058 4 3 3 3 1 2.227415 3.628552 13.680300 57.216444 166.534662 266.779801
22 22.539251 3 2 2 2 1 1.426087 2.587804 9.466289 38.242016 163.941418 238.366095
23 23.259369 3 2 2 2 1 1.499156 2.667344 9.373390 38.371285 174.395015 249.582850
24 31.102312 4 4 4 3 1 1.711976 4.570460 18.035640 57.427044 166.570683 279.440454
25 31.524281 4 4 4 3 1 1.837956 4.633070 18.106320 58.442171 167.660290 282.226888
26 31.511330 4 4 4 3 1 2.322265 4.689760 18.237389 57.611004 167.954410 282.351817
27 31.817340 4 4 4 3 1 1.770716 4.819809 17.954351 57.373113 166.723622 280.482471
28 30.329164 4 4 4 3 1 1.753476 4.658999 18.140900 57.300224 167.104042 279.310375
29 30.310033 4 4 4 3 1 1.899667 4.722020 18.296620 57.812012 167.685510 280.748350
30 31.930820 4 4 4 3 1 1.938415 4.823260 18.211580 58.664050 175.290874 290.879159
31 31.389861 4 4 4 3 1 1.845076 4.531121 18.060710 57.123524 165.507575 278.480156
32 24.537676 5 4 3 2 1 2.089936 4.846459 13.439690 38.300205 165.265916 248.500902
33 25.206004 5 4 3 2 1 2.160625 4.845840 13.684210 38.156356 167.542921 251.622185
34 26.772080 5 4 3 2 1 2.054286 4.858989 13.543381 38.247475 165.632455 251.130926
35 25.450523 5 4 3 2 1 2.102706 4.809749 13.836960 38.305645 165.169176 249.697899
36 24.123857 5 4 3 2 1 2.093235 4.670720 13.548630 38.187616 164.793516 247.440374
37 23.909797 5 4 3 2 1 2.082596 4.566840 13.535290 38.533945 166.126724 248.779502
38 25.304004 5 4 3 2 1 2.156325 4.686950 13.557960 38.299025 166.270764 250.294168
39 25.193724 5 4 3 2 1 2.171635 4.708510 13.615100 38.380945 165.823794 249.914658
40 27.645730 3 2 2 2 1 1.398166 2.549225 9.472559 38.700344 167.640790 247.426425
41 28.205238 4 3 3 2 1 1.804176 3.594482 13.464600 37.887477 164.474977 249.454110
42 28.498507 4 3 3 2 1 1.833236 3.849121 13.437381 38.181595 164.760777 250.580887
43 26.721961 3 2 2 2 1 1.471057 2.550344 9.264540 38.144846 165.385695 243.564653
44 28.898526 4 3 3 2 1 1.701066 3.715482 13.720130 38.823784 167.325321 254.205869
45 26.666951 3 2 2 2 1 1.526077 2.518715 9.275580 38.069156 164.935316 243.012744
46 27.497870 4 3 3 2 1 1.825716 4.127971 14.694578 39.219813 174.124065 261.508504
47 27.434200 4 3 3 2 1 1.693126 3.512472 13.378530 38.458125 165.463855 249.957669
48 21.716502 4 2 2 0 0 1.755745 2.601354 9.134590 0 0 35.226643
49 18.114850 2 1 1 0 0 1.120407 1.518217 4.821309 0 0 25.591193
50 21.401023 4 2 2 0 0 1.782276 2.536615 9.065349 0 0 34.802863
51 17.274461 2 1 1 0 0 1.134508 1.492477 4.851290 0 0 24.769115
52 21.252493 4 2 2 0 0 1.752746 2.530354 9.087980 0 0 34.640973
53 20.393685 4 2 2 0 0 1.838016 2.591454 9.103929 0 0 33.941615
54 17.637332 2 1 1 0 0 1.169657 1.490917 4.962119 0 0 25.278605
55 21.317433 4 2 2 0 0 1.820526 2.579074 9.033260 0 0 34.763013
56 22.705280 6 4 4 4 2 2.345865 4.728029 17.964331 76.242792 333.420225 457.425101
57 23.195339 6 4 4 4 2 2.363125 4.593510 18.131650 76.364971 330.952630 455.625466
58 23.345868 6 4 4 4 2 2.379645 5.158698 17.841431 76.021492 336.131728 460.902412
59 23.919738 6 4 4 4 2 2.381655 4.855719 18.520369 85.943331 335.963318 471.600450
60 23.367989 6 4 4 4 2 2.223975 4.538450 18.232090 76.043992 337.275777 461.698993
61 23.049898 6 4 4 4 2 2.301665 4.663650 18.298810 77.131040 334.820451 460.284014
62 23.191979 6 4 4 4 2 2.336285 4.781199 18.109380 76.197892 330.829411 455.468006
63 23.124079 6 4 4 4 2 2.395325 4.548310 18.359280 77.755989 344.692121 470.895042
64 24.663766 3 2 2 2 0 1.349257 2.594634 9.258520 39.008254 0 76.888421
65 25.259844 3 2 2 2 0 1.347267 2.441995 9.496359 38.285845 0 76.847380
66 25.355044 3 2 2 2 0 1.370157 2.472565 9.279660 39.060874 0 77.551539
67 25.362024 3 2 2 2 0 1.356917 2.568595 9.538909 39.159683 0 77.999808
68 23.941147 3 2 2 2 0 1.339547 2.429215 9.421639 38.773465 0 75.918133
69 23.965537 3 2 2 2 0 1.352267 2.484454 9.208589 38.542195 0 75.566113
70 24.530946 3 2 2 2 0 1.325237 2.492555 9.176830 38.346426 0 75.885333
71 24.560560 3 2 2 2 0 1.420801 2.627424 9.324349 39.221494 0 77.171200
72 20.938223 4 2 2 2 1 1.803426 2.617185 9.534908 39.871622 168.363628 243.144913
73 21.708573 4 2 2 2 1 1.752836 2.624174 9.473069 39.432983 169.873365 244.883630
74 20.805904 4 2 2 2 1 1.856026 2.606374 9.215149 38.775175 170.372694 243.666653
75 21.488252 4 2 2 2 1 1.686356 2.456784 9.398669 38.598246 169.190406 242.834585
76 21.450503 4 2 2 2 1 1.657376 2.448505 9.310639 38.985715 170.514353 244.382871
77 20.870255 4 2 2 2 1 1.840456 2.697144 9.436890 38.248796 168.279049 241.390418
78 21.401623 4 2 2 2 1 1.647716 2.535085 9.424950 37.970686 170.277895 243.273403
79 21.581123 4 2 2 2 1 1.808696 2.858924 9.427339 39.426563 170.199334 245.317359
80 29.331336 5 4 4 4 1 2.065275 4.609180 18.351809 77.031660 170.570745 301.976974
81 29.665624 5 4 4 4 1 2.032076 4.708579 18.295900 78.008587 169.572246 302.298352
82 28.988087 5 4 4 4 1 2.036846 4.630280 18.320790 77.537859 170.497454 302.026885
83 29.246805 5 4 4 4 1 2.095826 4.633869 18.352960 78.026858 169.641726 302.014764
84 28.078868 5 4 4 4 1 1.994875 4.627840 18.432210 78.021417 169.473486 300.644247
85 28.044359 5 4 4 4 1 2.012336 4.712060 18.529729 77.641409 172.055940 303.011292
86 28.929786 5 4 4 4 1 2.069895 4.656330 18.368159 77.882739 170.878553 302.800853
87 29.092166 5 4 4 4 1 2.105156 4.657139 18.478690 77.748948 169.866805 301.964193
88 23.631468 3 1 1 1 0 1.407877 1.721496 4.859520 19.762636 0 51.396427
89 23.825287 3 1 1 1 0 1.361557 1.608847 4.842730 19.733437 0 51.385167
90 24.226417 3 1 1 1 0 1.538036 1.398187 5.034029 20.485945 0 52.695794
91 15.180486 2 1 1 1 0 1.138848 1.410436 4.917920 19.684356 0 42.345026
92 14.583838 2 1 1 1 0 1.151577 1.622387 4.863149 19.651917 0 41.885848
93 23.076639 3 1 1 1 0 1.384216 1.480937 4.842289 19.707817 0 50.505609
94 21.767511 4 2 2 2 1 1.739037 2.566934 9.312070 38.934014 170.466635 244.801630
95 24.372536 3 1 1 1 0 1.353697 1.410957 4.896179 19.692537 0 51.755366
96 16.140084 2 1 1 1 0 1.037077 1.443356 4.873970 19.648396 0 43.155894
97 22.175791 4 2 2 2 1 1.637316 2.511984 9.489909 39.196453 176.963370 251.990025
98 22.009032 4 2 2 2 1 1.689976 2.456695 9.385649 39.124744 171.208432 245.889788
99 20.979564 4 2 2 2 1 1.750856 2.604934 9.293120 39.346613 169.702496 243.692803
3.55 2.44 2.31 1.97 0.76 
1.61454 3.01352 10.6476 38.1458 127.541 
