0 57.708973 1690.426852
1 49.579092 2517.377267
2 47.088457 2524.949951
3 48.748783 2786.742454
4 48.341473 1691.518360
5 48.788762 2561.829261
6 46.607997 1693.419005
7 48.860542 2648.343270
8 78.992845 1362.853315
9 81.491410 2037.262377
10 81.547770 2045.218810
11 52.665284 1701.672497
12 78.249127 1366.503537
13 51.752796 1700.046880
14 50.273669 1773.092440
15 80.872802 2029.248194
16 81.607120 1021.351158
17 83.422796 1693.765585
18 83.569986 1695.265022
19 84.068395 1704.425241
20 83.693996 1710.177148
21 82.859717 1704.271992
22 79.838074 1025.654738
23 81.944379 1026.685706
24 70.083835 1882.341239
25 72.782869 2717.128518
26 59.313639 2379.354503
27 72.559020 2715.828860
28 56.395246 1530.165255
29 69.134668 1870.562465
30 59.038489 2381.142689
31 72.484910 2720.577045
32 75.698008 1537.201750
33 77.558099 1872.733190
34 77.005500 2108.176671
35 76.952580 1884.687974
36 73.466538 1532.283940
37 72.692330 1533.003524
38 75.305839 1874.190747
39 77.028360 1868.783963
40 80.333929 1189.504546
41 83.099267 1366.004027
42 78.404878 1370.956031
43 75.187374 1188.402549
44 81.114446 1362.203436
45 78.241038 1187.132762
46 81.280610 1400.963865
47 77.180416 1356.377158
48 59.520819 1191.488052
49 40.347351 1699.123467
50 61.965399 1366.327997
51 39.213883 1359.959301
52 61.517645 1367.859513
53 59.028280 1197.982482
54 39.761188 1696.149799
55 60.967556 1366.522336
56 74.481646 1699.485547
57 75.172599 1702.932705
58 76.972890 1700.601089
59 73.013429 1698.483219
60 74.233032 1655.810978
61 70.840044 1664.536229
62 72.661590 1661.763899
63 72.443975 1667.132863
64 52.409795 1321.691385
65 53.994081 1493.728935
66 44.398902 1319.731859
67 54.068051 1749.993541
68 53.364593 1335.234225
69 45.052261 1165.673969
70 55.505877 1487.434210
71 44.480282 1330.842435
72 57.371814 1504.814641
73 60.360097 1489.433745
74 57.053874 1496.575110
75 60.493017 1495.829831
76 61.085915 1504.092883
77 57.422694 1484.801335
78 58.377532 1506.210528
79 61.039905 1497.447608
80 71.087763 1828.051258
81 72.506790 1824.151292
82 70.861179 1854.470140
83 69.515787 1827.775069
84 65.607955 1830.366024
85 70.486154 1824.956575
86 71.897542 1831.037852
87 68.761948 1825.662934
88 81.786810 1653.755852
89 81.407521 1668.149541
90 82.170099 1891.981507
91 48.340853 1005.117194
92 46.675947 1000.410914
93 80.751091 1672.392152
94 58.514021 1343.417877
95 82.535438 1663.126752
96 49.934549 1002.458350
97 61.695224 1332.739141
98 59.722538 1325.653206
99 57.127274 1327.383523
