0 24.490596 0
1 16.105315 167.260831
2 16.022094 167.557791
3 15.886395 167.121021
4 15.239007 0
5 15.577965 167.424171
6 15.181187 0
7 15.927345 167.585331
8 27.779088 331.340120
9 28.606386 333.482005
10 28.501807 329.350334
11 21.691592 165.551245
12 27.255640 334.218323
13 22.079041 165.814114
14 20.847914 166.455953
15 29.243586 340.546019
16 23.753107 497.538243
17 24.461676 667.038459
18 23.631948 681.220688
19 24.145991 672.021873
20 24.003757 671.058455
21 23.563123 677.173582
22 23.225444 505.846334
23 23.298849 508.619203
24 31.390006 673.622369
25 32.750303 674.812006
26 32.868993 682.924404
27 33.021797 682.606785
28 31.746850 684.210611
29 31.260291 684.881519
30 32.546289 687.953672
31 32.518619 681.255037
32 25.593744 856.227212
33 26.413921 856.943511
34 26.194832 852.650709
35 25.998343 860.782941
36 25.166605 860.389792
37 25.072645 878.125444
38 26.959510 889.158159
39 27.235920 888.695450
40 30.053364 532.431836
41 30.068154 699.075328
42 30.018893 712.353329
43 29.506415 536.165598
44 30.121763 710.038644
45 28.923507 533.148004
46 29.932614 691.594270
47 28.578832 686.800985
48 21.707422 786.227516
49 29.756945 409.787516
50 22.657620 689.823868
51 18.440200 346.132006
52 22.522271 689.493199
53 21.787652 688.684546
54 18.649124 345.274929
55 22.366830 688.760206
56 23.767633 1030.824237
57 24.558675 1029.352245
58 24.477516 1029.644460
59 23.603679 1141.060023
60 24.333631 1030.833317
61 23.093579 1032.765273
62 23.918997 1029.767633
63 24.066553 1029.644299
64 25.072455 515.248294
65 25.821433 516.677921
66 25.873143 516.602931
67 25.873323 520.927181
68 24.680105 518.040378
69 25.171734 516.005132
70 25.664493 517.748029
71 25.611334 518.701596
72 21.465313 690.121368
73 21.964791 689.754379
74 21.490333 691.916709
75 22.542375 732.526165
76 49.302152 838.504011
77 21.064233 716.730444
78 21.661178 684.797740
79 21.780161 688.055373
80 29.471845 850.147205
81 29.429345 853.550418
82 29.809335 851.867851
83 29.511945 852.834979
84 28.323438 856.489561
85 27.755219 854.329891
86 28.958981 855.171619
87 29.343390 858.786416
88 23.867628 518.337906
89 24.498186 518.621937
90 24.504487 519.251484
91 15.673076 351.104185
92 15.232196 345.316098
93 23.705308 519.687204
94 22.131961 689.130595
95 24.978590 515.624818
96 15.684831 347.647018
97 22.982864 688.592806
98 22.420316 691.161516
99 21.371462 692.292079
