0 276.770729 116 9 6 3 3 37.067198 9.801188 26.763921 57.992012 502.292182 910.725321
1 277.313929 214 7 5 1 0 68.232509 7.969253 22.847059 0 0 376.400370
2 215.078066 167 7 5 1 0 53.002263 8.264832 22.805650 0 0 299.183300
3 305.022328 220 7 5 1 0 69.280417 8.018472 22.872480 0 0 405.224676
4 301.263936 117 9 6 3 3 36.845259 10.393468 26.707521 59.575438 500.634676 935.449907
5 212.393212 167 7 5 1 0 52.195200 8.065047 23.205449 0 0 295.885188
6 215.537129 86 9 6 3 3 28.120298 9.997523 27.273620 57.534083 500.583666 839.075269
7 299.630145 220 7 5 1 0 68.733453 8.106952 22.674310 0 0 399.171640
8 396.866479 202 7 3 2 2 62.635642 8.320796 14.199369 38.267475 332.443722 852.755414
9 404.336174 348 10 5 3 3 111.023581 11.358854 22.905680 57.517193 506.737393 1113.907654
10 334.964361 322 10 5 3 3 101.059407 11.396925 22.953360 57.309514 500.432427 1028.140763
11 223.117603 202 8 4 1 0 63.110656 9.012970 18.371179 0 0 313.635958
12 339.476466 184 7 3 2 2 57.667687 8.167522 15.242296 38.155196 336.010289 794.741747
13 217.565660 202 8 4 1 0 63.360850 9.470599 18.393139 0 0 308.816959
14 222.817509 114 9 2 1 0 36.568949 10.927916 9.492950 0 0 279.826973
15 332.722606 322 10 5 3 3 101.021722 11.200251 23.094989 57.599383 509.063447 1034.734938
16 348.701056 189 5 2 0 0 60.591002 6.010887 0 0 0 415.345994
17 350.561887 326 5 3 3 3 104.444639 6.625045 14.348938 59.105240 513.912848 1049.019636
18 405.214736 352 5 3 3 3 110.165157 6.029677 13.869609 57.872703 513.853057 1107.026629
19 290.862374 282 5 3 3 3 87.486722 5.977967 13.787010 57.423383 506.980397 962.556202
20 295.370933 282 5 3 3 3 91.948262 6.171087 14.366928 58.873780 509.743711 976.504441
21 399.893273 352 5 3 3 3 110.188637 5.944037 14.128559 58.261041 510.215155 1098.651012
22 294.318621 156 5 2 0 0 49.920850 5.993017 0 0 0 350.252058
23 410.194306 200 5 2 0 0 62.380607 5.966132 0 0 0 478.586485
24 344.403691 184 7 5 4 4 58.375432 7.961512 22.953299 77.096840 671.797759 1182.618882
25 320.929802 298 7 5 4 4 92.716796 8.064742 22.515431 77.199709 674.737172 1196.186342
26 219.387466 206 6 5 4 4 65.262136 6.988234 22.628521 76.990380 676.028810 1067.312456
27 345.668527 310 7 5 4 4 97.822194 8.158002 22.801250 78.464817 675.191141 1228.128362
28 215.947924 119 6 5 4 4 37.764662 7.004829 22.655100 77.149800 680.854964 1041.405229
29 318.369908 176 7 5 4 4 56.894974 8.435631 23.220684 81.505156 676.455748 1164.916541
30 216.927752 206 6 5 4 4 65.384346 6.853774 23.323469 78.759816 672.571817 1063.846614
31 316.560432 298 7 5 4 4 92.815745 8.035712 22.521011 76.553891 676.078849 1192.592660
32 294.379091 168 6 5 4 2 53.945771 7.541463 22.682690 78.056537 338.208493 794.879517
33 286.789517 281 7 5 4 2 88.068236 8.214942 22.425131 76.167252 334.798441 816.490869
34 291.658822 283 7 5 4 2 88.679400 8.290061 22.886210 78.285157 342.320849 832.148270
35 363.021500 321 7 5 4 2 103.291262 8.234792 22.712340 77.030791 336.798157 911.109971
36 285.971109 160 6 5 4 2 49.275482 6.866034 22.584011 76.495871 334.367832 775.580519
37 361.799582 187 6 5 4 2 59.802188 7.265115 22.919138 78.152958 339.273942 869.239643
38 361.440522 321 7 5 4 2 99.033782 8.075152 23.053179 80.134564 335.778399 907.559988
39 292.190205 281 7 5 4 2 88.205326 8.215502 23.077499 77.258319 336.294778 825.267510
40 373.289811 214 5 3 1 0 68.640634 6.439516 14.296108 0 0 462.688289
41 377.136153 341 6 4 3 3 107.602658 7.132554 18.580649 60.605456 514.531510 1085.611410
42 278.531641 251 6 4 3 3 80.360988 7.223505 19.043978 60.757926 515.672023 961.615109
43 277.864506 154 5 3 1 0 49.853121 6.012577 14.128719 0 0 347.880512
44 391.393826 345 6 4 3 3 107.271334 7.344414 18.184290 57.691442 505.286915 1087.198572
45 388.225463 217 5 3 1 0 67.708951 5.887237 13.854360 0 0 475.699190
46 384.613927 345 6 4 3 3 109.253124 7.061225 18.657788 59.741949 508.124989 1087.474112
47 276.603240 251 6 4 3 3 80.978172 7.409304 18.773369 59.417279 515.549693 958.757136
48 332.830341 176 4 3 1 0 57.503747 4.965169 14.134408 0 0 409.455237
49 187.961646 158 7 4 3 0 51.114497 8.003342 18.124620 0 0 265.227735
50 334.450903 269 4 3 1 0 84.048724 5.134949 13.661659 0 0 437.317296
51 190.061871 98 5 3 3 3 31.972659 5.961482 14.046194 58.617231 511.195603 811.877549
52 279.714463 248 4 3 1 0 81.050680 5.012469 13.867399 0 0 379.670583
53 281.403079 159 4 3 1 0 51.080148 4.857370 14.348648 0 0 351.711184
54 185.726760 158 7 4 3 0 50.180259 8.366072 17.728521 0 0 262.024702
55 278.168156 248 4 3 1 0 77.972859 4.794090 13.626110 0 0 374.595134
56 317.225980 194 7 5 4 4 60.786846 8.424292 23.393648 77.737549 675.480910 1163.086495
57 258.698930 260 7 5 4 4 79.883133 8.100433 23.054360 76.261532 669.765302 1115.783080
58 315.446194 302 7 5 4 4 94.235582 8.215212 22.836460 77.825108 677.520526 1196.106342
59 358.521460 207 7 5 4 4 64.390588 8.732720 22.830379 78.702757 679.082897 1212.284142
60 366.875326 322 7 5 4 4 99.647225 8.150442 22.600710 78.890416 684.143511 1260.334920
61 267.767449 162 7 5 4 4 52.574394 8.518372 23.469568 79.621024 687.463904 1119.453431
62 264.884396 260 7 5 4 4 83.436216 8.332262 23.370918 79.075406 682.992704 1142.112702
63 364.584066 322 7 5 4 4 100.664468 8.088692 24.167277 77.470894 681.904926 1256.907773
64 311.330918 173 7 3 1 0 55.821212 8.224992 14.202690 0 0 389.600541
65 310.374190 255 7 3 1 0 80.858197 8.234082 14.027068 0 0 413.521628
66 198.659166 168 6 3 1 0 54.181726 7.067435 13.835469 0 0 273.765776
67 292.555625 245 7 3 1 0 77.624259 8.024042 14.144699 0 0 392.372265
68 287.899875 165 7 3 1 0 52.427655 8.250006 14.059029 0 0 362.660685
69 198.651111 111 6 3 1 0 35.192002 7.564704 14.240058 0 0 255.674116
70 286.621128 245 7 3 1 0 76.858910 8.219322 13.936580 0 0 385.659649
71 198.142373 168 6 3 1 0 52.482084 7.057925 13.711060 0 0 271.413581
72 262.053092 163 5 3 2 2 52.646824 6.088617 14.449697 39.273434 340.319180 714.857304
73 263.587509 237 5 3 2 2 73.720698 6.058977 13.924939 39.461002 340.285930 737.065634
74 319.419075 183 5 3 2 2 57.686763 5.883467 13.883039 38.402866 338.238674 773.544054
75 329.084584 267 5 3 2 2 84.316174 6.467276 14.267208 39.155084 341.424757 814.741443
76 263.331609 233 5 3 2 2 72.653750 5.945217 13.998579 38.867204 333.741803 728.558973
77 266.319212 157 5 3 2 2 50.249420 6.089756 14.659738 39.970422 338.155784 715.475532
78 326.635150 267 5 3 2 2 83.636315 5.965727 14.001089 38.367756 335.956098 804.590116
79 259.046248 233 5 3 2 2 72.624870 6.192057 14.239328 38.764715 336.595987 727.487645
80 336.122238 219 7 5 4 4 71.554243 8.445171 22.798420 77.207380 678.114724 1194.268876
81 345.821737 318 7 5 4 4 99.880640 8.221502 22.765240 77.757818 674.176553 1228.647950
82 349.673509 323 7 5 4 4 102.341324 8.278782 23.070619 78.092918 672.898256 1234.382628
83 248.435292 237 7 5 4 4 75.285824 7.837913 22.441860 76.358692 676.036939 1106.417360
84 245.280839 159 7 5 4 4 49.801570 7.952692 22.438391 77.208049 667.455704 1070.158735
85 350.903576 223 7 5 4 4 70.521715 8.211482 22.973059 78.069079 672.236577 1202.941527
86 350.945135 323 7 5 4 4 100.832068 8.159082 22.797420 76.840030 666.589800 1226.190015
87 246.303067 237 7 5 4 4 74.752375 8.167112 23.003109 77.663669 673.563714 1103.491467
88 461.179583 298 8 5 1 0 94.003323 8.937540 22.588620 0 0 586.739806
89 466.942910 413 8 5 1 0 127.674009 9.075820 22.415831 0 0 626.133569
90 390.409414 374 8 5 1 0 117.932465 8.993680 22.655110 0 0 540.014949
91 256.333645 227 5 3 2 2 72.729010 5.920247 13.876329 39.393593 335.732580 724.014914
92 249.305670 160 5 3 2 2 49.800541 5.894677 13.655629 38.486696 337.646415 694.814238
93 385.775608 265 8 5 1 0 84.403753 9.513639 23.231199 0 0 502.960770
94 283.186646 187 6 3 2 2 59.502408 7.562224 14.127419 39.805982 341.768586 745.979735
95 382.537726 374 8 5 1 0 117.185202 9.563089 23.069220 0 0 532.377906
96 256.536344 227 5 3 2 2 70.734664 5.908536 15.496326 38.575555 338.775213 726.056029
97 286.111939 257 6 3 2 2 81.381840 7.110905 14.243778 39.434553 337.864535 766.179160
98 238.916283 218 6 3 2 2 70.014526 7.827673 14.736608 39.850512 340.477349 711.850110
99 235.824849 156 6 3 2 2 49.589851 7.056595 14.182699 39.214364 338.335243 684.230340
100 336.665318 273 6 3 2 2 88.757965 7.115044 14.097639 39.744522 339.780001 826.188538
