0 11.323245 5 1 0 0 0 112.293412 0 0 0 0 123.640147
1 10.201998 10 1 0 0 0 226.044741 0 0 0 0 236.270139
2 10.300537 9 1 0 0 0 202.802713 0 0 0 0 213.128050
3 9.848129 12 3 2 1 0 279.421044 275.040283 811.968109 0 0 1376.297566
4 10.988246 6 1 0 0 0 137.204152 0 0 0 0 148.225528
5 10.106677 9 1 0 0 0 204.400285 0 0 0 0 214.524742
6 10.797326 4 1 0 0 0 91.724197 0 0 0 0 102.538793
7 9.711709 12 2 2 2 1 276.849469 181.040711 812.538358 3861.236425 0 5141.396862
8 11.096236 6 1 0 0 0 137.238337 0 0 0 0 148.355033
9 9.664729 12 2 0 0 0 273.257457 0 0 0 0 282.939156
10 9.769199 12 2 0 0 0 272.864518 0 0 0 0 282.651998
11 9.310329 8 2 2 2 1 181.838119 182.107358 810.847522 3856.747784 0 5040.878073
12 11.161475 6 2 2 2 1 139.365633 179.146695 814.600913 3831.109721 0 4975.406397
13 9.716028 8 2 1 0 0 185.415001 183.695305 0 0 0 378.845864
14 9.988748 4 1 0 0 0 90.992140 0 0 0 0 101.002437
15 10.013157 12 2 0 0 0 275.100044 0 0 0 0 285.137801
16 9.759559 4 1 0 0 0 92.330601 0 0 0 0 102.112220
17 8.810411 8 1 0 0 0 183.088786 0 0 0 0 191.917547
18 9.999788 11 4 3 3 3 253.358391 362.427196 1224.723534 5867.668059 51861.527791 59579.735229
19 11.534764 12 2 2 1 0 278.289476 184.942822 818.827564 0 0 1293.618307
20 11.177106 11 2 0 0 0 259.418483 0 0 0 0 270.618059
21 10.673766 12 2 0 0 0 276.852819 0 0 0 0 287.544965
22 11.896459 6 2 0 0 0 138.799129 0 0 0 0 150.712337
23 11.658144 6 1 0 0 0 139.638703 0 0 0 0 151.317327
24 12.388413 6 1 0 0 0 138.944574 0 0 0 0 151.357947
25 11.242970 11 1 0 0 0 254.554859 0 0 0 0 265.817178
26 11.191535 10 2 1 0 0 230.805171 181.786149 0 0 0 423.804395
27 11.093726 12 1 0 0 0 274.801044 0 0 0 0 285.910740
28 11.776178 5 1 0 0 0 117.900200 0 0 0 0 129.699018
29 11.697374 6 1 0 0 0 137.985471 0 0 0 0 149.702495
30 10.869556 10 1 0 0 0 229.738193 0 0 0 0 240.627579
31 10.957610 12 2 0 0 0 278.386577 0 0 0 0 289.361936
32 10.406237 4 1 0 0 0 91.138244 0 0 0 0 101.563241
33 10.526947 12 2 0 0 0 280.245591 0 0 0 0 290.789769
34 9.798728 8 1 0 0 0 187.776426 0 0 0 0 197.595134
35 11.018846 12 1 0 0 0 278.057231 0 0 0 0 289.094748
36 11.165030 6 2 2 2 1 138.104230 182.526462 811.271326 3846.506292 0 4989.599331
37 11.108076 6 1 0 0 0 140.579520 0 0 0 0 151.704256
38 10.859601 12 1 0 0 0 278.166866 0 0 0 0 289.041287
39 10.452087 12 2 0 0 0 276.217840 0 0 0 0 286.689618
40 10.730777 6 1 0 0 0 140.975544 0 0 0 0 151.724071
41 10.894406 12 4 3 2 2 275.792586 364.589050 1233.452940 3922.159450 34815.443949 40622.360482
42 11.485335 12 2 2 2 2 280.245112 184.116304 816.826678 3860.466636 34170.955161 39324.128856
43 11.180775 6 1 0 0 0 135.826741 0 0 0 0 147.026716
44 9.830058 12 2 2 1 0 276.149251 183.010255 811.574430 0 0 1280.586786
45 11.160756 6 1 0 0 0 136.671988 0 0 0 0 147.849614
46 9.753749 12 1 0 0 0 274.476830 0 0 0 0 284.251578
47 9.712078 12 1 0 0 0 275.787137 0 0 0 0 285.513615
48 10.892146 6 1 0 0 0 136.822858 0 0 0 0 147.738794
49 9.185280 8 1 0 0 0 181.899884 0 0 0 0 191.105174
50 9.628634 12 2 0 0 0 277.684098 0 0 0 0 287.329312
51 10.176558 4 1 0 0 0 91.491119 0 0 0 0 101.689446
52 9.980447 12 2 0 0 0 273.030623 0 0 0 0 283.031520
53 10.485177 6 1 0 0 0 136.063690 0 0 0 0 146.566367
54 8.945770 8 1 0 0 0 182.215228 0 0 0 0 191.176879
55 10.146508 12 2 0 0 0 278.128806 0 0 0 0 288.298075
56 9.912668 4 1 0 0 0 93.118814 0 0 0 0 103.053382
57 9.777368 12 1 0 0 0 274.606360 0 0 0 0 284.401918
58 9.199100 8 1 0 0 0 181.367270 0 0 0 0 190.585980
59 10.669776 6 1 0 0 0 138.026616 0 0 0 0 148.715942
60 10.040328 12 3 2 2 2 275.873542 272.254499 807.940268 3865.941099 34284.002086 39516.080032
61 10.967006 6 2 0 0 0 137.303497 0 0 0 0 148.293223
62 10.294777 12 2 0 0 0 278.871116 0 0 0 0 289.353062
63 10.372528 12 2 0 0 0 276.444750 0 0 0 0 286.832058
64 10.842227 5 1 0 0 0 114.710457 0 0 0 0 125.578764
65 10.031579 10 1 0 0 0 227.879378 0 0 0 0 237.934246
66 10.065858 10 1 0 0 0 231.085660 0 0 0 0 241.176858
67 9.678989 12 1 0 0 0 273.856411 0 0 0 0 283.557100
68 10.828976 6 1 0 0 0 136.780778 0 0 0 0 147.628344
69 10.334062 5 1 0 0 0 117.369011 0 0 0 0 127.726504
70 10.244147 12 2 0 0 0 271.369362 0 0 0 0 281.628469
71 10.640077 10 1 0 0 0 232.123987 0 0 0 0 242.785705
72 9.499799 4 1 0 0 0 91.056754 0 0 0 0 100.579043
73 9.139745 8 1 0 0 0 180.878141 0 0 0 0 190.034746
74 10.231908 6 1 0 0 0 136.774123 0 0 0 0 147.026921
75 9.907028 12 1 0 0 0 271.093442 0 0 0 0 281.015371
76 9.955048 12 2 0 0 0 273.737017 0 0 0 0 283.715335
77 10.820436 6 2 2 2 2 137.474597 178.018097 800.822423 3806.198571 33914.630980 38847.992535
78 10.623257 12 1 0 0 0 274.098296 0 0 0 0 284.744242
79 10.135137 12 2 0 0 0 271.237402 0 0 0 0 281.393949
80 10.542187 5 1 0 0 0 114.174243 0 0 0 0 124.736310
81 10.048698 10 2 0 0 0 227.613808 0 0 0 0 237.683876
82 9.782013 12 1 0 0 0 273.395062 0 0 0 0 283.203176
83 10.083098 12 2 1 0 0 271.091957 181.022611 0 0 0 462.222336
84 10.485192 6 2 0 0 0 138.054366 0 0 0 0 148.556918
85 10.400598 6 1 0 0 0 136.336359 0 0 0 0 146.755257
86 10.280858 12 2 2 2 2 273.268422 181.206745 812.521344 3856.840713 34202.084762 39336.228404
87 10.502648 12 1 0 0 0 274.359884 0 0 0 0 284.878822
88 11.884583 8 1 0 0 0 182.453698 0 0 0 0 194.364861
89 11.044526 16 4 2 0 0 361.285173 363.888438 0 0 0 736.244587
90 11.458034 18 2 0 0 0 406.257854 0 0 0 0 417.739678
91 10.081458 12 1 0 0 0 270.885623 0 0 0 0 280.986591
92 10.755236 6 1 0 0 0 136.747689 0 0 0 0 147.520275
93 11.936340 9 4 1 0 0 206.091285 357.623321 0 0 0 575.671266
94 10.109408 4 1 0 0 0 91.185599 0 0 0 0 101.313227
95 11.290215 18 3 3 3 3 409.149423 273.020862 1220.776502 5826.656570 51715.033699 59455.956072
96 10.554827 12 3 3 3 1 271.567422 271.013342 1211.826037 5779.542784 0 7544.534182
97 9.872878 8 2 0 0 0 180.853322 0 0 0 0 190.749180
98 9.800418 12 1 0 0 0 276.587001 0 0 0 0 286.408339
99 10.700427 6 2 1 0 0 136.092580 177.297289 0 0 0 324.112586
100 9.917968 12 3 2 2 2 272.356150 272.460533 807.609745 3857.251604 34158.480353 39378.104341
