0 10.456580 158351.564570
10 4.006983 266229.578848
20 3.678870 305588.315634
30 3.993115 285828.631283
40 3.775498 159439.371041
50 4.206316 347638.120574
60 4.940550 277509.897962
70 3.855285 235343.642698
80 3.697275 167019.123590
90 4.243339 265080.188810
100 4.263549 254792.662245
110 4.091678 265317.687582
120 4.341427 265616.657961
130 4.189946 265259.358638
140 4.326868 265899.881690
150 4.239926 180177.666675
160 3.984674 176862.376749
170 4.049159 266860.264922
180 3.904729 264369.799428
190 4.166638 166721.290970
200 4.111963 264856.589718
210 4.093235 254517.986829
220 3.976696 264459.304204
230 3.953369 234845.483226
240 4.077937 264795.266804
250 4.072835 254475.560406
260 3.864068 264236.731089
270 4.115487 254008.366690
280 3.973701 166720.066359
290 3.786237 176425.494566
300 3.846445 263719.987955
310 3.994511 264762.813566
320 4.188505 288675.386215
330 3.910346 171930.047727
340 4.085426 258013.985166
350 3.808776 257982.317319
360 3.955005 166640.329664
370 3.885954 176414.669619
380 4.126700 263595.923443
390 3.836923 264682.910697
400 4.040127 176640.878361
410 3.956019 166613.044653
420 4.033245 263756.779648
430 3.882493 263469.081706
440 4.047399 254158.333258
450 3.823147 176696.163753
460 4.043507 263766.872309
470 4.150403 264601.299682
480 3.994671 176885.486729
490 3.970827 264309.886488
500 3.871270 255159.998140
510 3.814274 176340.862206
520 3.923971 176980.906415
530 4.170269 265327.274173
540 3.891220 254603.830201
550 3.960355 166834.989486
560 3.941847 235349.780578
570 4.254016 235435.958984
580 4.004422 167095.654303
590 3.907409 176800.940339
600 4.148343 254933.191293
610 4.126986 265715.094063
620 3.773111 177087.783640
630 3.846919 167326.635861
640 4.145193 265328.775045
650 4.111677 177258.966673
660 3.782905 255555.909052
670 3.699917 167027.354573
680 4.066461 179579.312587
690 3.691531 166722.295072
700 3.918570 254362.762051
710 3.558796 166995.974103
720 4.072368 176933.873389
730 3.869342 254973.691523
740 4.102595 255040.133683
750 4.029186 254214.048639
760 4.007229 167040.162494
770 4.066153 264032.119497
780 4.021981 254474.230392
790 4.005431 255749.839549
800 3.963884 166797.145044
810 4.177915 254381.416777
820 4.119937 255292.759979
830 3.828276 244860.060891
840 3.967822 166859.618955
850 3.750465 244244.779108
860 3.853687 176584.652308
870 4.074984 245252.582178
880 4.046557 235005.025338
890 3.780704 176897.871884
900 3.832274 176271.555108
910 4.095177 184280.321524
920 4.136592 256753.480687
930 3.960875 177153.118105
940 3.793316 176935.679728
950 4.139318 177468.789214
960 4.119856 255604.615406
970 4.259276 256563.582832
980 4.040918 177526.734121
990 4.129706 185762.845027
1000 4.195058 268950.578539
1010 3.976883 178076.612443
1020 4.002543 266925.303963
1030 3.760823 177985.682262
1040 4.052917 267767.954878
1050 3.771253 178256.348878
1060 4.091190 281406.200166
1070 4.266893 271488.222573
1080 6.405218 269604.784866
1090 4.019383 255785.199549
1100 4.106408 264848.229141
1110 4.073781 266082.865562
1120 3.923889 177139.211012
1130 4.157688 254759.663349
1140 3.973559 265727.142893
1150 4.001767 255453.244392
1160 3.759413 254157.108842
1170 3.810922 177178.614902
1180 3.884328 265529.025254
1190 4.129567 265443.160648
1200 3.731781 176545.461366
1210 4.085983 264811.998509
1220 3.971471 176219.958530
1230 4.157684 265981.903461
1240 3.962940 265456.382343
1250 3.827690 176566.271019
1260 3.925437 256022.679649
1270 3.901403 264894.906791
1280 3.858415 254505.676619
1290 4.012916 176930.078774
1300 4.152706 176511.207492
1310 4.161238 265068.227321
1320 4.117523 255650.118953
1330 4.208984 266866.952311
1340 3.793150 176739.956297
1350 4.092836 255585.277554
1360 3.965073 254943.063480
1370 4.024278 176919.588980
1380 4.005760 265449.495015
1390 3.938189 266299.233418
1400 3.902650 176622.937226
1410 3.766743 256291.538125
1420 4.073000 267411.640008
1430 4.087384 265850.526859
1440 4.067720 256045.617002
1450 4.053967 177013.564316
1460 4.257662 265784.869147
1470 4.078526 255073.294595
1480 3.863621 266151.275786
1490 3.874030 177338.107019
1500 3.967277 264993.653251
1510 3.823055 254594.451333
1520 3.849511 255494.380315
1530 3.754919 176536.528133
1540 4.010916 176757.144700
1550 3.957257 265079.266356
1560 4.121390 265124.412569
1570 3.938761 235546.111957
1580 4.158565 265984.039623
1590 4.142071 325853.837202
1600 3.539043 167077.888221
1610 4.057824 176886.258625
1620 3.655572 255214.219199
1630 3.917536 254780.891167
1640 3.901846 254529.270804
1650 3.769556 254448.703044
1660 4.218795 177539.146999
1670 4.038986 265049.604214
1680 4.159733 264943.133674
1690 3.880146 265075.521284
1700 4.024288 265340.128488
1710 3.731615 255105.662347
1720 3.933642 255689.211592
1730 3.975370 177059.632087
1740 4.071207 265085.696153
1750 3.931346 254820.707803
1760 3.709701 167211.534207
1770 3.953433 254906.173658
1780 3.873260 177304.450178
1790 3.719668 254267.615322
1800 4.059502 166889.937276
1810 3.804578 176955.345400
1820 3.878619 255018.936609
1830 4.051196 177434.098581
1840 3.702834 166677.865187
1850 3.976423 265536.199214
1860 4.086794 264755.322744
1870 3.852644 177300.197148
1880 4.106520 177467.698048
1890 4.011535 264610.178991
1900 4.028123 265121.590994
1910 3.932544 265176.950379
1920 3.508373 177310.455134
1930 3.771787 176985.587217
1940 3.840742 264127.931314
1950 3.790986 254394.723598
1960 3.740672 254261.441482
1970 3.657437 166885.472233
1980 3.925776 255121.109559
1990 3.954121 177543.660126
2000 3.959733 177261.465627
2010 3.699245 166529.614482
2020 4.025547 265025.207534
2030 3.641351 254794.252027
2040 3.914622 253858.199833
2050 3.767104 166653.363375
2060 4.051417 177388.187456
2070 3.762091 254890.408006
2080 3.464350 254498.669305
2090 4.001188 255245.387561
2100 3.728263 166435.506397
2110 3.536341 177441.343446
2120 3.423955 264923.091250
2130 3.763637 256141.636083
2140 3.363979 176548.416884
2150 3.390112 166649.566540
2160 3.667221 264481.855781
2170 3.704523 265220.006880
2180 3.731786 177137.190305
2190 3.847994 264725.763215
2200 3.463063 254046.652281
2210 3.567815 265371.678050
2220 3.705320 167273.837385
2230 3.658220 264705.876060
2240 3.627482 265535.567455
2250 3.673958 255163.219245
2260 3.449288 167312.821445
2270 3.575215 255674.739742
2280 3.905511 264807.623566
2290 3.642292 177156.762314
2300 3.693655 167289.709773
2310 3.686249 177427.807063
2320 3.508090 254504.745988
2330 3.541841 254055.702674
2340 3.605416 166448.100023
2350 3.719175 177314.571017
2360 3.566420 176858.923434
2370 3.513171 255726.475710
2380 3.706373 265053.825745
2390 3.730281 177242.287041
2400 3.648872 266132.000232
2410 3.548719 245617.112934
2420 3.446539 166502.512086
2430 3.803385 177137.264713
2440 3.657349 265713.291820
2450 3.570686 256040.291827
2460 3.599255 254771.286152
2470 3.674154 255752.198868
2480 3.728345 177088.770833
2490 3.459555 255216.384498
2500 3.433014 176725.401500
2510 3.647825 256886.974154
2520 3.846872 264963.918041
2530 3.537252 256283.702533
2540 3.566455 255347.997009
2550 3.627600 177067.492341
2560 3.490981 256594.205581
2570 3.702805 266604.656080
2580 3.703320 255239.232426
2590 3.628956 177445.212358
2600 3.816620 265842.304568
2610 3.748419 254876.794903
2620 3.748724 266785.805733
2630 3.661391 267360.374509
2640 3.583228 177214.919754
2650 3.947393 177930.998875
2660 3.791577 177563.424762
2670 3.729566 267046.541746
2680 3.718801 265612.075375
2690 3.724700 177686.751681
2700 3.652784 177744.890803
2710 3.755046 267302.561738
2720 3.415004 176837.234189
2730 4.109856 255442.903780
2740 3.735149 265738.845991
2750 3.721683 177804.021079
2760 3.967338 265732.256614
2770 3.615272 177255.753851
2780 3.637921 267824.583131
2790 3.791725 177862.812615
2800 3.565107 256823.452618
2810 3.708192 266797.247099
2820 3.522859 255297.666854
2830 3.740843 177669.150059
2840 3.869443 256973.931697
2850 3.573055 267386.759988
2860 3.677620 265289.942149
2870 3.459516 177572.092783
2880 3.641951 265965.252203
2890 3.628272 257171.394855
2900 3.647216 257714.491738
2910 3.435483 176854.786033
2920 3.679460 177276.442791
2930 3.733327 265951.406902
2940 3.629867 267102.385314
2950 3.662178 265022.920996
2960 3.553437 176900.346476
2970 3.690451 265472.804408
2980 3.698751 257323.009017
2990 3.717753 265721.561334
3000 3.545916 256522.317052
3010 3.602942 257551.956221
3020 3.698963 266719.530481
3030 3.806305 177533.580123
3040 3.461888 176839.287089
3050 3.676591 257460.225735
3060 3.601820 177354.768033
3070 3.684600 267098.124855
3080 3.699592 266711.717025
3090 3.701869 266941.892443
3100 3.490229 255268.427796
3110 3.426330 176454.629612
3120 3.719524 266477.995227
3130 3.624646 316313.812231
3140 3.724013 177700.343612
3150 3.750148 266285.499361
3160 3.706341 265588.168125
3170 3.707300 266058.929058
3180 3.677082 325361.443873
3190 3.768694 266160.619542
3200 4.063556 266176.336706
3210 3.742817 177694.044734
3220 3.735393 266128.908699
3230 3.765299 266217.962319
3240 3.763355 266123.766589
3250 3.690486 266064.665892
3260 3.665299 177611.822574
3270 3.755489 266009.452888
3280 3.868583 265614.547718
3290 3.642504 177702.355693
3300 3.581429 265099.853585
3310 3.771799 266019.547177
3320 3.938294 265907.899844
3330 3.902076 177635.205464
3340 3.550141 265418.271833
3350 3.783752 265779.609069
3360 3.756050 265571.196629
3370 3.720024 265621.168584
3380 3.758028 265787.114358
3390 3.706613 265987.134776
3400 3.721520 265511.301449
3410 3.770421 265319.936584
3420 3.764733 265771.101518
3430 3.749840 265453.660132
3440 3.823026 265306.176611
3450 3.548693 177331.483216
3460 3.597125 265408.413814
3470 3.720688 265503.453191
3480 3.910429 265852.421688
3490 3.400600 177187.007640
3500 4.018955 265346.210741
3510 3.784840 265183.552803
3520 3.767988 265633.826080
3530 3.768164 177062.481872
3540 3.699761 264442.015027
3550 3.739998 264857.529370
3560 3.715342 265002.180839
3570 3.755496 264788.565558
3580 3.525652 264809.086588
3590 3.500639 146732.075696
3600 3.739812 265210.562346
3610 3.558579 264199.165814
3620 3.898811 264334.126309
3630 3.930673 265348.723744
3640 3.594523 176685.116982
3650 3.454070 175985.643379
3660 3.756595 264986.270102
3670 3.764517 264638.217851
3680 3.658783 176670.120809
3690 3.481939 176596.148988
3700 3.747527 264911.806199
3710 3.556587 263242.805404
3720 3.734474 264574.230393
3730 3.709490 265273.089242
3740 3.785540 265249.397956
3750 3.823586 264921.339678
3760 3.752210 264824.884036
3770 3.739001 265531.308592
3780 3.796453 264899.269733
3790 3.764465 264992.285437
3800 3.595617 263905.413613
3810 3.738968 265881.443634
3820 3.474642 176578.797452
3830 3.784889 264994.017855
3840 3.530682 234027.097553
3850 3.499531 176175.833198
3860 3.798029 264892.983198
3870 3.651920 176794.675290
3880 3.709435 264626.966142
3890 3.944897 265355.580083
3900 3.998866 177279.545495
3910 3.537540 264481.972369
3920 3.558555 265349.261994
3930 3.649929 266881.815852
3940 3.810732 265511.187722
3950 3.558098 177075.495536
3960 3.750056 265665.621118
3970 3.578272 265639.657207
3980 3.612060 176704.159894
3990 3.667717 176805.883064
4000 3.647910 176711.316054
4010 3.751600 265432.066600
4020 3.456853 176526.920795
4030 3.515715 264852.217717
4040 3.543146 266103.929058
4050 3.732978 266397.991052
4060 3.447865 176604.285474
4070 3.772748 266080.873308
4080 3.680181 266017.605285
4090 3.594673 264647.093590
4100 3.452133 176755.291115
4110 3.722019 271503.757216
4120 3.868486 180188.054414
4130 3.640594 180294.476065
4140 3.452191 176600.144389
4150 3.775931 266045.149508
4160 3.801534 265323.946142
4170 3.549254 263729.638542
4180 3.572463 265127.081713
4190 3.797820 265873.116179
4200 3.818782 265124.835147
4210 3.638240 176835.314274
4220 3.575453 264565.366788
4230 3.752265 266413.020882
4240 3.473107 176865.281475
4250 3.782360 265894.980567
4260 3.561373 266206.170470
4270 3.537355 264619.885789
4280 3.670306 177059.280117
4290 3.855990 265516.651970
4300 3.546804 265748.238564
4310 3.641543 176891.038951
4320 3.945423 265508.140700
4330 3.605295 277315.979057
4340 3.772519 265755.622793
4350 3.695465 176717.755476
4360 3.539673 176270.748793
4370 4.004088 264097.168700
4380 3.649939 265561.505014
4390 3.492806 176008.282297
4400 3.645139 264639.981380
4410 3.647098 264937.639315
4420 3.553627 176278.079974
4430 3.635701 176625.255355
4440 3.576692 265234.049635
4450 3.725459 264470.911649
4460 3.664217 265201.650113
4470 3.691633 276510.919083
4480 6.561007 267947.186059
4490 3.782820 264942.778019
4500 3.749183 266094.333618
4510 3.689022 266443.741151
4520 3.741160 264914.082733
4530 3.611370 264195.778174
4540 3.740605 266504.015781
4550 3.511196 176410.719694
4560 3.586616 265385.897470
4570 3.779759 277869.129089
4580 3.553811 265510.686056
4590 3.493446 176034.798033
4600 3.726710 264990.583612
4610 3.534805 264355.587178
4620 3.800100 266319.175364
4630 3.477619 176470.976347
4640 3.783439 265304.552317
4650 3.746237 266249.652954
4660 3.643376 176809.665722
4670 3.519809 176200.620882
4680 3.771644 265756.675598
4690 3.578645 265761.903905
4700 3.745628 304960.351466
4710 3.693988 176442.970270
4720 3.731137 265250.971545
4730 3.571384 266589.475908
4740 3.581742 264504.590824
4750 3.508434 176221.342036
4760 3.581261 266040.201064
4770 3.571022 323362.405350
4780 3.560608 176637.099419
4790 3.633879 264915.892384
4800 3.644954 264499.636127
4810 3.614978 176873.920307
4820 3.569552 176558.364053
4830 3.831661 264428.692284
4840 3.777967 264878.690459
4850 3.651412 253977.787328
4860 3.625670 147289.707056
4870 3.655076 263810.114884
4880 3.745374 255753.645943
4890 3.695595 254814.564021
4900 3.601769 176893.189857
4910 3.532754 176831.824413
4920 3.551798 177018.822710
4930 3.711708 264408.750725
4940 3.633308 264387.606975
4950 3.706781 253928.807081
4960 3.874526 166813.832349
4970 3.749438 264904.039860
4980 3.702239 254370.915647
4990 3.641022 177074.964170
5000 3.695144 265033.718209
5010 3.555210 176976.800493
5020 3.613289 263895.750194
5030 3.545221 167182.241146
5040 3.611872 264355.721347
5050 3.775753 264974.311028
5060 3.671517 254279.290575
5070 3.499162 176940.208793
5080 3.643755 255061.510911
5090 3.877137 176975.880311
5100 3.765655 264337.827438
