1 25.6099 172.653
2 25.2468 171.9
3 24.9741 171.322
5 23.8556 171.462
7 23.6205 174.521
8 36.5703 338.197
9 37.5544 340.241
10 38.0655 341.1
11 30.0834 170.532
12 35.4472 341.698
13 29.9999 172.318
14 29.7176 169.403
15 35.6953 336.59
16 32.763 511.537
17 32.3026 665.156
18 31.8693 669.751
19 31.9095 668.182
20 31.5646 665.632
21 32.5459 665.959
22 31.2369 501.36
23 30.7556 501.493
24 38.8916 666.77
25 39.2041 663.122
26 39.723 662.659
27 39.9846 669.789
28 42.0256 667.88
29 38.408 664.804
30 39.465 669.76
31 39.9061 661.437
32 32.1056 836.095
33 33.2422 832.811
34 33.4581 834.708
35 32.8811 840.005
36 33.157 843.131
37 32.396 850.624
38 33.4997 836.612
39 34.4705 834.824
40 36.0435 498.097
41 36.8026 670.587
42 36.2583 672.692
43 36.1754 504.188
44 36.5871 670.693
45 35.5666 498.162
46 35.6308 670.147
47 35.736 667.363
48 28.9673 665.992
49 25.547 337.378
50 30.1407 674.497
51 25.8878 335.242
52 29.6658 670.255
53 28.8971 680.359
54 25.7839 337.361
55 28.8625 681.255
56 31.5453 1000.03
57 33.0857 1005.72
58 32.1209 1023.58
59 31.7468 1022.64
60 31.3713 1014.08
61 30.3104 1015.43
62 31.668 1018.86
63 31.6133 1024.17
64 32.3028 507.538
65 33.2033 506.676
66 33.3924 510.401
67 33.0025 513.74
68 32.9011 509.271
69 33.1799 513.894
70 33.5203 506.969
71 33.7771 505.777
72 28.9424 675.779
73 29.4357 668.941
74 28.9228 679.711
75 29.7895 672.531
76 29.7338 676.504
77 29.1128 680.261
78 29.3131 672.72
79 29.3354 675.482
80 37.3338 847.707
81 37.6311 849.685
82 40.0203 865.215
83 36.8986 845.088
84 36.3404 839.693
85 35.6644 831.783
86 36.5112 842.064
87 37.5477 837.922
88 30.9231 502.229
89 31.9921 508.223
90 32.3819 508.172
91 23.4971 334.755
92 23.111 335.126
93 30.8744 501.636
94 29.4559 676.909
95 32.063 501.591
96 23.2 337.018
97 30.3693 687.263
98 29.437 671.983
99 29.1069 679.167
100 29.5519 668.304
