1 25.916883 1 0 0 0 0 1.176528 0 0 0 0 27.111341
2 24.630126 1 0 0 0 0 1.208447 0 0 0 0 25.857663
3 24.716466 1 0 0 0 0 0.973798 0 0 0 0 25.708054
5 24.084456 1 0 0 0 0 1.303448 0 0 0 0 25.406504
7 24.018437 1 0 0 0 0 1.119578 0 0 0 0 25.157425
8 37.081758 2 2 1 1 1 1.522677 2.689914 4.861048 19.532907 165.960714 231.675989
9 37.880676 2 2 1 1 1 1.326528 2.703943 4.928580 19.552716 167.535171 233.952903
10 37.078698 2 2 1 1 1 1.456567 2.607714 4.883249 19.402797 165.476045 230.939001
11 30.040784 1 1 1 1 1 0.980288 1.529627 5.057418 19.369987 166.538613 223.538187
12 36.512580 2 2 1 1 1 1.574336 2.736634 4.945449 19.336787 167.527750 232.664437
13 29.535875 1 1 1 1 1 0.980978 1.506717 4.936909 19.375976 167.438921 223.807256
14 29.698244 1 1 1 1 1 0.989708 1.551447 5.265359 20.239015 167.374431 225.149773
15 36.750749 2 2 1 1 1 1.621697 2.651054 4.842669 19.802317 165.909234 231.599870
16 31.444617 3 2 2 2 1 1.813136 2.909134 9.242919 38.419085 164.965666 248.826248
17 31.895260 4 3 3 3 1 2.189575 3.759741 13.612690 57.368854 167.797840 276.651830
18 31.531340 4 3 3 3 1 2.191665 3.738682 13.856530 56.874844 165.310356 273.533236
19 31.862559 4 3 3 3 1 2.090456 3.753622 13.749259 57.269974 166.035414 274.789114
20 31.304611 4 3 3 3 1 2.253235 4.004261 13.886139 57.558993 165.497245 274.536664
21 31.417751 4 3 3 3 1 2.071245 3.710061 13.655460 57.256604 164.045978 272.187200
22 31.051011 3 2 2 2 1 1.794497 2.616774 9.308659 38.112586 164.404227 247.312424
23 30.530513 3 2 2 2 1 1.706426 2.570814 9.244890 38.508205 165.784104 248.367742
24 39.239453 4 4 4 3 1 2.317795 4.642950 18.091379 58.866210 166.424713 289.612441
25 39.721318 4 4 4 3 1 1.990055 4.896179 18.099131 57.275163 166.452243 288.467409
26 39.920711 4 4 4 3 1 2.052396 4.685790 18.179359 57.588194 166.155693 288.609303
27 39.937412 4 4 4 3 1 2.089526 4.661059 18.083260 57.467743 166.363844 288.673144
28 38.964084 4 4 4 3 1 2.092376 4.706039 18.183090 57.413143 165.889783 287.279396
29 38.465315 4 4 4 3 1 1.974036 4.726419 18.254675 58.507556 169.361017 291.309037
30 40.784050 4 4 4 3 1 2.242285 4.777139 18.477769 57.940312 167.500471 291.750487
31 39.681572 4 4 4 3 1 2.001136 4.601640 18.229709 57.562302 166.246863 288.356924
32 32.569048 5 4 3 2 1 2.432714 4.682740 13.828530 38.502315 168.728828 260.773525
33 35.898481 5 4 3 2 1 2.758864 4.970109 13.985269 39.895522 173.407007 270.962732
34 35.806016 5 4 3 2 1 2.664125 5.100508 14.119094 39.837677 169.008798 266.559557
35 34.077405 5 4 3 2 1 2.731854 4.936329 14.393518 39.586483 168.307589 264.077808
36 33.684476 5 4 3 2 1 2.427585 4.717480 14.109189 39.296843 169.593686 263.856338
37 34.088244 5 4 3 2 1 2.744844 4.661740 13.682280 38.218815 170.701394 264.123617
38 31.745580 5 4 3 2 1 2.326234 4.846979 13.687140 38.381585 167.424211 258.437940
39 34.357974 5 4 3 2 1 2.465495 4.708410 13.738759 38.722835 169.204327 263.217429
40 36.816249 3 2 2 2 1 1.841796 2.794554 9.668378 38.715275 169.080357 258.942389
41 39.366684 4 3 3 2 1 2.166515 3.843451 13.905380 39.192254 169.602736 268.117299
42 37.630977 4 3 3 2 1 2.157875 3.743511 14.301968 39.209983 169.879506 266.947471
43 36.523580 3 2 2 2 1 1.877706 2.796205 9.738499 38.662845 166.967622 256.591585
44 37.302637 4 3 3 2 1 2.141406 3.773782 13.811180 41.009549 169.022458 267.083881
45 36.485079 3 2 2 2 1 1.763806 2.655654 9.701118 39.269034 169.544036 259.445137
46 37.514631 4 3 3 2 1 2.367980 3.904221 13.969954 39.307919 170.483354 267.573150
47 37.521616 4 3 3 2 1 2.408445 3.868721 14.094160 39.504442 167.295002 264.720765
48 32.165000 4 2 2 0 0 2.184305 2.824153 9.648909 0 0 46.844467
49 27.900238 2 1 1 0 0 1.503307 1.509806 5.002200 0 0 35.934510
50 32.121799 4 2 2 0 0 2.272315 2.685969 9.406484 0 0 46.514807
51 27.696869 2 1 1 0 0 1.485037 1.729756 4.932179 0 0 35.863991
52 31.020656 4 2 2 0 0 2.180661 2.574714 9.676979 0 0 45.480370
53 30.711823 4 2 2 0 0 2.100515 2.674464 9.246630 0 0 44.753772
54 26.493502 2 1 1 0 0 1.479917 1.634656 5.056619 0 0 34.685284
55 30.733332 4 2 2 0 0 2.086026 2.567454 9.182410 0 0 44.586892
56 32.813573 6 4 4 4 2 2.626114 4.851269 18.646249 78.058088 335.177530 472.195183
57 33.643176 6 4 4 4 2 2.876453 4.811020 18.860818 77.246040 334.592622 472.053509
58 32.506768 6 4 4 4 2 3.348963 4.732800 18.910797 78.437498 337.549975 475.508601
59 31.022381 6 4 4 4 2 2.859284 4.806649 18.618349 78.126408 342.275545 477.730266
60 32.022530 6 4 4 4 2 2.751984 4.848439 18.526399 78.757666 336.272629 473.210627
61 30.551992 6 4 4 4 2 2.769574 4.959279 18.489379 77.671499 338.039735 472.501328
62 30.407453 6 4 4 4 2 2.757054 4.770539 18.217710 78.033238 338.965492 473.176136
63 33.081298 6 4 4 4 2 2.848613 4.693580 18.470879 77.331990 338.919923 475.373472
64 32.622238 3 2 2 2 0 1.824197 2.756824 9.408229 38.754185 0 85.396601
65 33.209717 3 2 2 2 0 1.998915 2.718524 9.642919 39.669332 0 87.265157
66 32.199739 3 2 2 2 0 1.866456 2.703884 9.359809 38.807369 0 84.960407
67 33.071537 3 2 2 2 0 1.831136 2.829014 9.748459 38.775734 0 86.280129
68 31.142452 3 2 2 2 0 1.753737 2.596024 10.073008 39.167343 0 84.756153
69 32.218789 3 2 2 2 0 1.803155 2.594484 9.425009 38.718425 0 84.777573
70 33.113196 3 2 2 2 0 1.889626 2.789494 9.378849 39.011444 0 86.201569
71 34.067205 3 2 2 2 0 1.837366 2.682154 9.552059 38.745665 0 86.906299
72 30.553122 4 2 2 2 1 2.237715 2.693815 9.348979 39.512883 167.382990 251.751185
73 29.792264 4 2 2 2 1 2.216015 2.639845 9.678979 39.141713 169.054378 252.548843
74 28.608877 4 2 2 2 1 2.125455 2.646960 9.439914 40.513170 170.107715 253.466891
75 30.460203 4 2 2 2 1 2.178145 2.644534 9.437339 39.867802 167.251070 251.862094
76 30.527813 4 2 2 2 1 2.190005 2.603304 9.533869 39.091024 168.010409 251.991044
77 28.933786 4 2 2 2 1 2.449045 2.921424 9.560898 38.249476 168.818488 250.954016
78 29.217475 4 2 2 2 1 2.295005 2.700854 9.580879 39.317403 167.751540 250.884156
79 31.042012 4 2 2 2 1 2.166886 2.694834 9.249679 39.315244 171.780141 256.271135
80 36.094500 5 4 4 4 1 2.394695 4.861470 18.214739 77.403409 170.103954 309.092368
81 36.912359 5 4 4 4 1 2.425055 4.749029 18.949978 77.775249 168.275769 309.112749
82 36.613549 5 4 4 4 1 2.522249 5.358354 19.513587 79.356835 168.909657 312.300451
83 36.999978 5 4 4 4 1 2.517404 4.932360 18.784208 79.271195 168.095039 310.619684
84 37.095348 5 4 4 4 1 2.397074 4.714040 19.295007 77.031881 169.874076 310.432855
85 35.522732 5 4 4 4 1 2.417584 4.778770 18.953808 79.002746 167.730500 308.430710
86 37.985356 5 4 4 4 1 2.735824 4.914809 18.932249 78.592286 171.803361 314.990195
87 36.788139 5 4 4 4 1 2.418305 5.581888 18.646759 77.481849 169.272927 310.216516
88 31.932230 3 1 1 1 0 1.917337 1.583396 5.393058 19.819476 0 60.666936
89 32.283559 3 1 1 1 0 1.954635 1.748017 5.115698 19.985635 0 61.105936
90 31.081181 3 1 1 1 0 1.849556 1.762436 5.077328 19.835947 0 59.630648
91 23.233459 2 1 1 1 0 1.558407 1.668456 5.025659 19.778161 0 51.288342
92 22.845569 2 1 1 1 0 1.841766 1.720856 5.090079 19.766507 0 51.283096
93 31.839360 3 1 1 1 0 1.847526 1.718937 5.155579 19.527657 0 60.106658
94 30.171314 4 2 2 2 1 2.285365 2.750234 9.722528 39.435858 171.380247 255.773596
95 32.415878 3 1 1 1 0 1.872646 1.659416 4.917769 19.618837 0 60.503157
96 23.342849 2 1 1 1 0 1.335007 1.572596 5.596588 19.536837 0 51.402197
97 30.771252 4 2 2 2 1 2.222745 2.741984 9.416329 38.766555 169.588646 253.529901
98 30.434273 4 2 2 2 1 2.562435 2.653284 9.783479 39.660063 168.471738 253.586160
99 28.323977 4 2 2 2 1 2.174936 2.695534 9.482909 39.749142 169.233517 251.684985
100 30.449742 4 2 2 2 1 2.216885 2.700614 9.703999 39.264123 170.697473 255.054257
