0 9.134530 1 0 0 0 0 23.503607 0 0 0 0 32.657188
1 9.274170 2 0 0 0 0 46.579198 0 0 0 0 55.871757
2 8.836570 1 0 0 0 0 24.258546 0 0 0 0 33.117256
3 8.630061 2 0 0 0 0 47.745245 0 0 0 0 56.396226
4 9.670939 1 0 0 0 0 24.978035 0 0 0 0 34.672324
5 8.857191 2 0 0 0 0 47.875075 0 0 0 0 56.750444
7 9.610093 2 0 0 0 0 47.788875 0 0 0 0 57.419468
8 10.250397 2 0 0 0 0 47.401996 0 0 0 0 57.672773
9 9.680329 4 0 0 0 0 92.764525 0 0 0 0 102.485904
10 9.597689 4 0 0 0 0 94.179882 0 0 0 0 103.803171
11 8.986770 2 0 0 0 0 47.272435 0 0 0 0 56.276596
12 9.218820 2 0 0 0 0 46.841296 0 0 0 0 56.078736
13 8.650831 2 0 0 0 0 48.414593 0 0 0 0 57.085634
14 9.133880 1 0 0 0 0 23.567888 0 0 0 0 32.722648
15 9.227210 4 0 0 0 0 95.409859 0 0 0 0 104.664779
16 9.351749 1 0 0 0 0 24.356301 0 0 0 0 33.722730
17 9.455349 2 1 1 1 1 48.703673 94.719371 415.205424 1982.719477 17519.766572 20070.589897
18 9.875649 4 0 0 0 0 93.946872 0 0 0 0 103.839601
19 9.629134 4 1 1 1 1 94.505602 93.209394 412.283751 1982.004289 17585.066688 20176.723718
20 9.320290 4 2 2 2 2 94.187493 183.995174 829.755330 3947.796068 35015.334454 40080.413538
21 9.268430 4 0 0 0 0 95.117251 0 0 0 0 104.404371
22 9.760968 2 0 0 0 0 47.072856 0 0 0 0 56.853604
23 9.030381 2 0 0 0 0 46.742863 0 0 0 0 55.789763
24 8.915880 1 0 0 0 0 24.580711 0 0 0 0 33.520011
25 8.774351 2 0 0 0 0 47.478546 0 0 0 0 56.268617
26 8.767761 2 0 0 0 0 47.778325 0 0 0 0 56.567215
27 8.675971 2 0 0 0 0 48.004329 0 0 0 0 56.694660
28 9.318484 1 0 0 0 0 24.138537 0 0 0 0 33.474301
29 8.866440 1 0 0 0 0 24.717125 0 0 0 0 33.597545
30 9.882528 2 0 0 0 0 47.694485 0 0 0 0 57.599003
31 9.516109 2 0 0 0 0 47.353441 0 0 0 0 56.884070
32 9.420739 1 0 0 0 0 24.127927 0 0 0 0 33.567716
33 9.603879 4 0 0 0 0 94.172817 0 0 0 0 103.796016
34 9.357249 2 0 0 0 0 47.509466 0 0 0 0 56.884514
35 9.749669 4 0 0 0 0 95.741629 0 0 0 0 105.515947
36 9.712359 2 0 0 0 0 47.215245 0 0 0 0 56.945355
37 9.837129 2 0 0 0 0 47.076916 0 0 0 0 56.935714
38 9.345155 4 0 0 0 0 93.614638 0 0 0 0 102.978503
39 9.262720 4 0 0 0 0 94.266112 0 0 0 0 103.549902
40 9.291489 1 0 0 0 0 24.540426 0 0 0 0 33.848005
41 8.792830 2 0 0 0 0 47.703364 0 0 0 0 56.515575
42 8.911091 2 0 0 0 0 47.536350 0 0 0 0 56.461471
43 8.834020 1 0 0 0 0 23.829057 0 0 0 0 32.682018
44 8.660141 2 0 0 0 0 47.863204 0 0 0 0 56.575895
45 10.834046 1 0 0 0 0 23.849012 0 0 0 0 34.698398
46 8.828321 2 0 0 0 0 47.024366 0 0 0 0 55.868977
47 8.913750 2 0 0 0 0 47.520626 0 0 0 0 56.453456
48 9.604149 2 0 0 0 0 47.268300 0 0 0 0 56.889220
49 9.184260 2 0 0 0 0 47.938484 0 0 0 0 57.146624
50 9.978708 3 0 0 0 0 70.303705 0 0 0 0 80.307193
51 9.589629 1 0 0 0 0 23.842838 0 0 0 0 33.462647
52 9.492779 3 0 0 0 0 70.801674 0 0 0 0 80.315623
53 9.550329 2 0 0 0 0 47.672474 0 0 0 0 57.239013
54 9.011790 2 0 0 0 0 47.598545 0 0 0 0 56.626715
55 9.338010 3 0 0 0 0 70.406654 0 0 0 0 79.762824
56 9.113560 1 0 0 0 0 26.005552 0 0 0 0 35.134613
57 9.549529 3 0 0 0 0 70.813819 0 0 0 0 80.381568
58 9.347949 2 1 0 0 0 47.370845 94.036743 0 0 0 150.778807
59 9.895738 2 0 0 0 0 47.576776 0 0 0 0 57.491103
60 9.144180 3 0 0 0 0 69.916736 0 0 0 0 79.083216
61 9.406839 2 0 0 0 0 47.424985 0 0 0 0 56.858755
62 9.524169 3 1 0 0 0 71.247143 93.299935 0 0 0 174.094476
63 9.809998 3 0 0 0 0 70.575585 0 0 0 0 80.406282
64 8.855650 1 0 0 0 0 24.038187 0 0 0 0 32.916087
65 8.816481 1 0 0 0 0 23.545467 0 0 0 0 32.380139
66 10.622696 1 0 0 0 0 24.226977 0 0 0 0 34.870093
67 9.265969 1 0 0 0 0 24.251416 0 0 0 0 33.537065
68 9.701008 1 0 0 0 0 24.101397 0 0 0 0 33.817765
69 9.426349 1 0 0 0 0 24.199667 0 0 0 0 33.640666
70 9.398800 1 0 0 0 0 24.273166 0 0 0 0 33.705246
71 9.747388 1 0 0 0 0 24.337757 0 0 0 0 34.118625
72 9.609348 1 0 0 0 0 24.516336 0 0 0 0 34.140834
73 9.828059 1 0 0 0 0 24.285566 0 0 0 0 34.127605
74 11.584415 2 0 0 0 0 46.738417 0 0 0 0 58.337792
75 9.787618 2 0 0 0 0 46.621667 0 0 0 0 56.427675
76 10.059408 2 0 0 0 0 47.901745 0 0 0 0 57.981362
77 10.456907 2 0 0 0 0 47.390865 0 0 0 0 57.866852
78 10.116883 2 0 0 0 0 48.214379 0 0 0 0 58.350111
79 10.394277 2 0 0 0 0 47.788324 0 0 0 0 58.197191
88 10.422087 4 0 0 0 0 92.860166 0 0 0 0 103.297313
89 10.878645 4 0 0 0 0 93.763592 0 0 0 0 104.661728
90 10.585026 4 1 0 0 0 92.194187 91.677258 0 0 0 194.484721
91 8.241063 2 0 0 0 0 47.094697 0 0 0 0 55.350629
92 8.500822 2 0 0 0 0 46.562362 0 0 0 0 55.082694
93 9.894998 4 0 0 0 0 95.148190 0 0 0 0 105.057168
94 8.603952 1 0 0 0 0 24.777484 0 0 0 0 33.400396
95 9.536049 4 1 0 0 0 92.790610 91.528223 0 0 0 193.883053
96 9.236180 2 0 0 0 0 46.405937 0 0 0 0 55.659207
97 8.445981 1 0 0 0 0 24.220187 0 0 0 0 32.686248
98 8.909370 2 0 0 0 0 48.154904 0 0 0 0 57.082544
99 8.622131 2 0 0 0 0 47.773155 0 0 0 0 56.412186
100 8.595727 2 0 0 0 0 46.651598 0 0 0 0 55.261074
