0 13.577670 16 0 0 0 0 257.888858 0 0 0 0 271.481166
1 3.817770 23 0 0 0 0 380.145738 0 0 0 0 383.976793
2 4.578692 29 0 0 0 0 478.088286 0 0 0 0 482.678860
3 5.077252 24 0 0 0 0 375.921197 0 0 0 0 381.009880
4 3.910003 15 0 0 0 0 242.651830 0 0 0 0 246.572533
5 3.876120 23 0 0 0 0 381.710330 0 0 0 0 385.596539
6 4.054335 17 0 0 0 0 298.989180 0 0 0 0 303.072320
7 6.139783 29 0 0 0 0 484.744113 0 0 0 0 490.895248
8 4.201693 18 0 0 0 0 295.118642 0 0 0 0 299.332227
9 4.371222 27 4 0 0 0 464.372696 272.511491 0 0 0 741.270147
10 4.344522 27 3 0 0 0 447.696824 199.354520 0 0 0 651.411726
11 5.286075 25 2 0 0 0 439.847605 135.888766 0 0 0 581.037454
12 4.016675 17 2 2 2 0 277.290999 123.984248 583.608113 2764.944678 0 3753.862898
13 3.980256 29 0 0 0 0 466.534814 0 0 0 0 470.527222
14 5.127146 17 2 0 0 0 276.805050 124.033328 0 0 0 405.981664
15 4.667470 32 0 0 0 0 523.569475 0 0 0 0 528.248847
16 3.970418 16 0 0 0 0 282.175609 0 0 0 0 286.156256
17 4.718507 26 0 0 0 0 430.178451 0 0 0 0 434.909301
18 4.337920 26 0 0 0 0 481.145606 0 0 0 0 485.495227
19 4.725811 27 0 0 0 0 451.990978 0 0 0 0 456.729052
20 5.249117 31 0 0 0 0 600.705089 0 0 0 0 605.967520
21 6.609017 32 0 0 0 0 570.180090 0 0 0 0 576.802753
22 3.911767 18 0 0 0 0 300.346433 0 0 0 0 304.270063
23 4.613640 18 0 0 0 0 309.470457 0 0 0 0 314.097221
24 5.016819 17 0 0 0 0 293.466977 0 0 0 0 298.498323
25 6.303643 26 0 0 0 0 468.716607 0 0 0 0 475.032422
26 5.322244 25 0 0 0 0 448.280178 0 0 0 0 453.610647
27 4.884099 25 0 0 0 0 430.153943 0 0 0 0 435.049023
28 3.914753 17 0 0 0 0 297.788012 0 0 0 0 301.711722
29 5.119041 18 0 0 0 0 302.830119 0 0 0 0 307.956264
30 4.975150 29 0 0 0 0 491.820064 0 0 0 0 496.805033
31 4.044738 26 0 0 0 0 422.166807 0 0 0 0 426.224629
32 6.315976 17 0 0 0 0 315.924308 0 0 0 0 322.256253
33 6.254119 27 0 0 0 0 433.059508 0 0 0 0 439.325500
34 4.037284 26 0 0 0 0 404.535285 0 0 0 0 408.583419
35 4.167609 26 0 0 0 0 401.442115 0 0 0 0 405.621115
36 3.855952 17 2 2 2 0 260.039156 120.669548 543.132999 2584.841186 0 3512.557446
37 4.080124 18 0 0 0 0 277.721845 0 0 0 0 281.812770
38 4.047413 29 3 2 2 0 437.681143 182.515412 542.030804 2814.721494 0 3981.018577
39 4.081628 30 3 2 2 0 583.606729 234.513254 692.167942 3203.186793 0 4717.580372
40 4.991272 16 0 0 0 0 307.089206 0 0 0 0 312.093141
41 4.728276 25 0 0 0 0 477.010739 0 0 0 0 481.750667
42 4.341048 26 0 0 0 0 490.993009 0 0 0 0 495.348294
43 4.078933 17 0 0 0 0 302.602761 0 0 0 0 306.694918
44 4.575088 27 0 0 0 0 530.436692 0 0 0 0 535.026958
45 6.902642 18 0 0 0 0 341.854611 0 0 0 0 348.771821
46 5.899583 27 0 0 0 0 503.938394 0 0 0 0 509.849560
47 4.046903 26 0 0 0 0 440.696622 0 0 0 0 444.756119
48 5.659570 18 0 0 0 0 349.789183 0 0 0 0 355.460455
49 5.055723 26 0 0 0 0 461.483121 0 0 0 0 466.552730
50 4.439493 27 3 2 2 0 533.663080 241.242298 688.104831 3216.872724 0 4684.342182
51 5.318509 17 0 0 0 0 297.497844 0 0 0 0 302.831321
52 7.751111 27 3 2 2 0 504.953954 228.564622 655.047892 3177.018411 0 4573.359486
53 4.149467 18 0 0 0 0 334.828966 0 0 0 0 338.992079
54 4.996262 26 0 0 0 0 450.132112 0 0 0 0 455.139715
55 4.369842 27 3 2 2 0 466.231270 227.518308 658.240481 3135.121262 0 4491.500840
56 4.136863 17 0 0 0 0 319.469155 0 0 0 0 323.621238
57 7.651164 27 0 0 0 0 493.319542 0 0 0 0 500.986005
58 6.999687 26 0 0 0 0 493.220318 0 0 0 0 500.236106
59 6.262678 18 0 0 0 0 317.170279 0 0 0 0 323.447104
60 4.449552 27 0 0 0 0 512.756297 0 0 0 0 517.217271
61 3.918091 18 0 0 0 0 341.660360 0 0 0 0 345.590915
62 4.240228 27 0 0 0 0 518.289717 0 0 0 0 522.544692
63 7.346301 27 0 0 0 0 532.214185 0 0 0 0 539.573791
64 3.958979 17 0 0 0 0 328.573531 0 0 0 0 332.544902
65 5.383342 26 0 0 0 0 483.262389 0 0 0 0 488.657654
66 6.018889 26 0 0 0 0 478.177149 0 0 0 0 484.210305
67 4.776709 24 0 0 0 0 469.649087 0 0 0 0 474.441266
68 5.796420 15 0 0 0 0 293.205097 0 0 0 0 299.015633
69 4.542207 17 0 0 0 0 301.997511 0 0 0 0 306.552552
70 4.157993 24 0 0 0 0 429.104750 0 0 0 0 433.273334
71 4.060630 26 0 0 0 0 482.924445 0 0 0 0 486.995905
72 4.537779 17 0 0 0 0 310.265974 0 0 0 0 314.815445
73 4.071430 26 0 0 0 0 468.848503 0 0 0 0 472.931986
74 4.202026 18 0 0 0 0 308.621207 0 0 0 0 312.835526
75 5.663240 27 0 0 0 0 506.094088 0 0 0 0 511.770333
76 4.132346 27 0 0 0 0 499.311921 0 0 0 0 503.455929
77 4.003403 18 2 2 2 2 326.919539 155.545929 645.403277 2944.710396 22103.492934 26180.097189
78 4.035394 27 3 2 2 0 373.878520 165.064806 494.773237 2351.396574 0 3389.161617
79 3.585607 27 0 0 0 0 367.186844 0 0 0 0 370.779935
80 3.811613 17 0 0 0 0 235.677645 0 0 0 0 239.496250
81 3.519913 26 0 0 0 0 356.232145 0 0 0 0 359.758720
82 3.737684 27 0 0 0 0 366.211671 0 0 0 0 369.957409
83 3.529401 26 0 0 0 0 358.272292 0 0 0 0 361.808275
84 3.412872 17 0 0 0 0 232.810916 0 0 0 0 236.231712
85 3.643906 18 0 0 0 0 252.075998 0 0 0 0 255.727409
86 3.873980 27 0 0 0 0 372.808918 0 0 0 0 376.690042
87 3.819047 26 0 0 0 0 357.132580 0 0 0 0 360.958710
88 3.354171 18 0 0 0 0 248.179439 0 0 0 0 251.540854
89 3.721864 27 5 4 2 2 370.780189 279.009949 985.636227 2343.694830 20469.930542 24452.790906
90 3.661441 27 4 3 3 3 360.423506 215.656145 721.420859 3442.109356 33227.232791 37970.522552
91 4.049724 27 3 3 3 0 447.705209 211.529183 876.863663 4412.242707 0 5952.408973
92 4.400005 18 0 0 0 0 316.493452 0 0 0 0 320.904527
93 4.099218 18 4 0 0 0 320.658082 285.680585 0 0 0 610.452863
94 5.192188 17 0 0 0 0 294.700441 0 0 0 0 299.905904
95 4.172005 27 4 3 3 3 458.710810 266.952223 838.871988 4297.717220 39270.281702 45136.728840
96 4.088379 27 3 3 3 0 383.242690 167.632120 776.329258 3560.328103 0 4891.637772
97 3.951051 26 0 0 0 0 363.048027 0 0 0 0 367.007103
98 3.848206 27 0 0 0 0 369.713047 0 0 0 0 373.568938
99 3.551968 18 2 0 0 0 247.298975 110.433361 0 0 0 361.292981
23.13 0.6 0.34 0.32 0.1 
392.483 39.483 97.0163 442.489 1150.71 
