0 16.610645 0
1 9.896553 100.977619
2 9.102959 99.444091
3 9.081239 100.913888
4 9.237033 0
5 9.299650 99.452998
6 8.974217 0
7 9.447688 98.676966
8 15.616003 196.895570
9 16.064717 198.341964
10 15.806272 198.697845
11 12.163032 98.875652
12 16.091298 198.877965
13 12.251448 97.172776
14 12.151099 97.426754
15 16.072542 198.321699
16 12.826671 296.144441
17 13.183784 400.954047
18 13.138318 396.590203
19 13.190667 393.871537
20 13.155441 394.557278
21 13.247665 393.594631
22 13.175368 294.799938
23 12.964722 295.895010
24 17.024947 395.417480
25 17.475896 391.494222
26 17.676113 417.110752
27 19.609554 441.476543
28 18.320578 412.536011
29 16.769556 426.717078
30 18.119559 398.646051
31 17.280800 395.657810
32 14.586626 493.272598
33 14.797193 493.513888
34 14.705341 495.944576
35 14.469937 514.704347
36 15.915289 502.165837
37 14.206421 502.855184
38 14.939722 525.007508
39 16.335761 553.050200
40 16.803011 332.879658
41 17.729085 443.743947
42 16.856281 403.164454
43 14.990859 300.226388
44 15.669086 404.619409
45 15.855919 326.366483
46 16.740774 443.605279
47 17.571339 443.559843
48 13.536601 445.098185
49 11.820449 223.899436
50 13.846204 445.609991
51 11.501418 223.910731
52 13.896920 446.003538
53 13.485624 432.530279
54 10.305537 209.252140
55 12.308358 399.161675
56 12.727708 611.486057
57 13.735596 643.529914
58 14.901822 665.352227
59 14.603390 665.281420
60 15.147154 676.457050
61 14.914597 684.380340
62 15.275056 718.249439
63 17.364190 717.438699
64 17.807776 362.016567
65 15.591211 361.802535
66 16.595834 375.550139
67 20.557525 366.208336
68 23.074545 367.535418
69 16.348839 367.171184
70 16.865011 362.430186
71 17.488565 366.876725
72 13.950432 514.608022
73 22.674562 514.439802
74 17.779593 490.982246
75 17.337130 500.458528
76 16.609872 483.406654
77 17.299350 514.906095
78 15.329259 514.126988
79 14.040242 493.799091
80 21.458483 605.527684
81 19.263069 616.622705
82 18.308681 589.432793
83 18.223261 585.032238
84 18.487047 611.014421
85 22.809849 630.553583
86 21.305206 621.435144
87 26.692322 645.016665
88 17.973551 391.173522
89 16.774884 444.810206
90 25.397343 395.517418
91 10.459129 263.105285
92 9.927017 271.948902
93 19.548678 384.667138
94 17.492446 505.278695
95 15.613086 399.667175
96 11.232295 244.669187
97 18.830396 502.890205
98 14.370096 500.613628
99 15.167768 471.889523
