0 7.659963 1 0 0 0 0 15.715302 0 0 0 0 23.385424
1 0.417847 2 0 0 0 0 29.184764 0 0 0 0 29.609954
2 0.379004 1 0 0 0 0 14.336716 0 0 0 0 14.723464
3 0.372361 2 0 0 0 0 29.687500 0 0 0 0 30.067726
4 0.478762 1 0 0 0 0 15.290142 0 0 0 0 15.776978
5 0.400434 2 0 0 0 0 30.887770 0 0 0 0 31.296259
6 0.477830 0 0 0 0 0 0 0 0 0 0 0.481767
7 0.404561 2 0 0 0 0 30.565083 0 0 0 0 30.977740
8 0.691341 2 0 0 0 0 30.539375 0 0 0 0 31.238771
9 0.555626 4 0 0 0 0 60.830060 0 0 0 0 61.393792
10 0.652398 4 0 0 0 0 61.613536 0 0 0 0 62.273879
11 0.414350 2 0 0 0 0 30.758667 0 0 0 0 31.181093
12 0.770400 2 0 0 0 0 30.830763 0 0 0 0 31.609239
13 0.431021 2 0 0 0 0 30.929589 0 0 0 0 31.368676
14 0.463152 1 0 0 0 0 15.340565 0 0 0 0 15.811793
15 0.662969 4 0 0 0 0 62.064836 0 0 0 0 62.735759
16 0.480705 1 0 0 0 0 15.662933 0 0 0 0 16.151663
17 0.413549 2 1 1 1 1 31.059994 61.747128 264.027304 1194.784961 10641.534137 12193.585808
18 0.717722 4 0 0 0 0 54.099467 0 0 0 0 54.824433
19 0.573279 4 1 1 1 1 55.522206 55.555309 251.878153 1254.849485 12271.237267 13889.635805
20 0.827078 4 2 2 2 2 71.194073 131.702399 607.614247 2978.229860 26279.946086 30069.535743
21 0.832227 4 0 0 0 0 70.546171 0 0 0 0 71.393827
22 1.283497 2 0 0 0 0 33.192686 0 0 0 0 34.489799
23 0.863196 2 0 0 0 0 34.044050 0 0 0 0 34.916082
24 0.478912 1 0 0 0 0 15.603934 0 0 0 0 16.090159
25 0.435361 2 0 0 0 0 39.940117 0 0 0 0 40.388132
26 0.732029 2 0 0 0 0 34.529344 0 0 0 0 35.270269
27 0.476507 2 0 0 0 0 37.373633 0 0 0 0 37.864507
28 0.801961 1 0 0 0 0 19.093838 0 0 0 0 19.906589
29 0.546750 1 0 0 0 0 15.421119 0 0 0 0 15.974612
30 0.411906 2 0 0 0 0 31.694304 0 0 0 0 32.117171
31 0.537643 2 0 0 0 0 39.148325 0 0 0 0 39.700787
32 0.699538 1 0 0 0 0 17.336878 0 0 0 0 18.048269
33 0.759581 4 0 0 0 0 68.133356 0 0 0 0 68.907825
34 0.800468 2 0 0 0 0 39.575119 0 0 0 0 40.389524
35 0.814334 4 0 0 0 0 75.914574 0 0 0 0 76.782339
36 1.297464 2 0 0 0 0 33.389919 0 0 0 0 34.698344
37 0.893493 2 0 0 0 0 32.241174 0 0 0 0 33.145989
38 0.846805 4 0 0 0 0 73.902684 0 0 0 0 74.761432
39 0.813352 4 0 0 0 0 80.326595 0 0 0 0 81.151529
40 0.630237 1 0 0 0 0 19.042531 0 0 0 0 19.683037
41 0.639465 2 0 0 0 0 47.965045 0 0 0 0 48.621562
42 0.927517 2 0 0 0 0 34.345909 0 0 0 0 35.286731
43 0.550727 1 0 0 0 0 15.450385 0 0 0 0 16.009878
44 0.422596 2 0 0 0 0 35.392511 0 0 0 0 35.829774
45 0.881220 1 0 0 0 0 20.740660 0 0 0 0 21.633722
46 0.557620 2 0 0 0 0 31.257111 0 0 0 0 31.824429
47 0.616972 2 0 0 0 0 35.284477 0 0 0 0 35.910897
48 1.008971 2 0 0 0 0 40.142148 0 0 0 0 41.165556
49 0.754671 2 0 0 0 0 36.441266 0 0 0 0 37.207219
50 0.867414 3 0 0 0 0 56.907911 0 0 0 0 57.787707
51 0.627672 1 0 0 0 0 15.617329 0 0 0 0 16.252646
52 1.059897 3 0 0 0 0 49.262790 0 0 0 0 50.337664
53 1.164754 2 0 0 0 0 43.291230 0 0 0 0 44.467957
54 0.556508 2 0 0 0 0 35.532054 0 0 0 0 36.100535
55 0.876461 3 0 0 0 0 61.005700 0 0 0 0 61.894164
56 0.588559 1 0 0 0 0 15.660741 0 0 0 0 16.256313
57 0.688236 3 0 0 0 0 67.438768 0 0 0 0 68.141512
58 0.830745 2 1 0 0 0 33.309407 71.863283 0 0 0 106.020037
59 0.953997 2 0 0 0 0 30.956585 0 0 0 0 31.921472
60 0.818432 3 0 0 0 0 53.311446 0 0 0 0 54.141900
61 1.377514 2 0 0 0 0 37.056916 0 0 0 0 38.444760
62 0.791571 3 1 0 0 0 57.478285 67.615762 0 0 0 125.904555
63 1.082769 3 0 0 0 0 63.797940 0 0 0 0 64.892222
64 0.604078 1 0 0 0 0 15.555172 0 0 0 0 16.167696
65 0.499832 1 0 0 0 0 16.765993 0 0 0 0 17.274251
66 0.639475 1 0 0 0 0 18.185147 0 0 0 0 18.839159
67 0.998732 1 0 0 0 0 24.196060 0 0 0 0 25.208578
68 0.682616 1 0 0 0 0 16.779098 0 0 0 0 17.469058
69 0.483721 1 0 0 0 0 15.502803 0 0 0 0 15.994079
70 0.617744 1 0 0 0 0 15.756332 0 0 0 0 16.382912
71 0.538654 1 0 0 0 0 16.262835 0 0 0 0 16.810727
72 0.547111 1 0 0 0 0 28.192478 0 0 0 0 28.751381
73 0.859579 1 0 0 0 0 23.903158 0 0 0 0 24.773107
74 1.110672 2 0 0 0 0 33.520415 0 0 0 0 34.642388
75 0.877733 2 0 0 0 0 40.391077 0 0 0 0 41.281344
76 1.382564 2 0 0 0 0 40.940462 0 0 0 0 42.334838
77 0.886680 2 0 0 0 0 32.219805 0 0 0 0 33.119700
78 1.518360 2 0 0 0 0 48.550538 0 0 0 0 50.084268
79 1.277406 2 0 0 0 0 32.066886 0 0 0 0 33.353921
80 0.629987 0 0 0 0 0 0 0 0 0 0 0.634766
81 0.586805 0 0 0 0 0 0 0 0 0 0 0.590843
82 0.540939 0 0 0 0 0 0 0 0 0 0 0.545157
83 0.746857 0 0 0 0 0 0 0 0 0 0 0.751105
84 0.745193 0 0 0 0 0 0 0 0 0 0 0.749431
85 0.759220 0 0 0 0 0 0 0 0 0 0 0.763107
86 0.751035 0 0 0 0 0 0 0 0 0 0 0.755033
87 0.763999 0 0 0 0 0 0 0 0 0 0 0.768097
88 2.068837 4 0 0 0 0 75.628968 0 0 0 0 77.712232
89 1.930286 4 0 0 0 0 72.069132 0 0 0 0 74.014857
90 2.322174 4 1 0 0 0 70.859524 72.633345 0 0 0 145.835462
91 1.480429 2 0 0 0 0 48.130757 0 0 0 0 49.627166
92 1.252850 2 0 0 0 0 30.689913 0 0 0 0 31.950628
93 1.367356 4 0 0 0 0 80.939071 0 0 0 0 82.317668
94 0.675342 1 0 0 0 0 17.656291 0 0 0 0 18.343125
95 1.593702 4 1 0 0 0 84.332033 77.748401 0 0 0 163.691919
96 1.245105 2 0 0 0 0 34.959856 0 0 0 0 36.218166
97 0.830464 1 0 0 0 0 24.096573 0 0 0 0 24.939610
98 1.376283 2 0 0 0 0 46.572202 0 0 0 0 47.960036
99 1.001316 2 0 0 0 0 37.390896 0 0 0 0 38.402682
1.95 0.08 0.04 0.04 0.04 
34.8632 5.38866 11.2352 54.2786 491.927 
