0 34.167473 1041.753458
1 29.588891 1646.881448
2 29.932999 1700.946715
3 31.010710 1788.151452
4 32.629369 1188.787604
5 34.950180 1801.410249
6 33.896226 1241.019252
7 35.925248 1955.159266
8 54.109295 942.461825
9 55.224507 1439.504574
10 53.216687 1465.712063
11 40.159905 1311.390805
12 49.178813 1046.700460
13 31.795585 1309.148627
14 37.027068 1143.428646
15 50.889608 1413.124637
16 50.875472 684.716824
17 49.408379 1144.547116
18 51.946521 1129.730508
19 50.154316 1105.990551
20 49.560830 1100.464459
21 49.934814 1099.020497
22 48.459446 725.320746
23 65.071617 870.785617
24 62.874559 1560.917987
25 57.716766 2160.652727
26 35.901446 1994.934603
27 58.783347 2100.863816
28 39.357467 1267.059741
29 48.063116 1521.535676
30 49.602908 1914.425993
31 56.811799 2207.876477
32 47.342844 1241.637780
33 55.167483 1472.329413
34 49.745952 1504.063642
35 70.386536 1510.464693
36 64.086610 1183.562740
37 49.291869 1223.128907
38 61.673717 1479.829809
39 46.621060 1454.604494
40 48.848687 918.238910
41 60.720534 1031.658469
42 58.129774 1073.955941
43 47.278511 916.555607
44 67.493326 1093.118031
45 54.949274 961.969371
46 62.344367 1070.022678
47 66.736432 1059.467287
48 43.794400 989.663728
49 23.996471 1287.543793
50 41.158357 958.614166
51 24.057316 1026.400935
52 47.672609 940.765844
53 37.714428 803.718433
54 24.223249 1132.935666
55 37.496027 932.458656
56 44.308855 1115.425946
57 45.947793 1128.019420
58 46.055456 1120.295483
59 45.484221 1134.407689
60 46.316950 1125.636860
61 44.381594 1111.283491
62 45.883224 1108.072717
63 43.568473 1065.837450
64 29.414455 812.110745
65 33.048943 913.130904
66 24.496278 810.303628
67 30.810415 911.010779
68 29.847211 809.115187
69 24.158923 714.119733
70 31.125361 915.597468
71 23.873696 811.433068
72 33.575187 915.185642
73 35.152350 909.572134
74 32.247826 913.554119
75 34.112301 909.925541
76 32.448014 919.745136
77 34.374384 916.173787
78 33.073133 911.655973
79 33.588755 912.103647
80 38.302979 1109.465162
81 40.889093 1111.229993
82 38.853047 1109.883041
83 39.024901 1108.230592
84 36.185511 1110.373785
85 39.841180 1112.402052
86 39.101717 1114.648049
87 38.859121 1144.593847
88 45.358329 1044.403111
89 45.836271 1021.771402
90 45.705034 1002.495077
91 27.003801 595.150074
92 25.896433 598.117072
93 46.089339 1005.854425
94 36.685277 849.451749
95 44.927992 1009.631525
96 28.422205 596.019491
97 32.745653 792.672245
98 32.615248 793.086533
99 32.288222 794.121902
