0 10.682258 190298.089447
1 5.436030 229051.655435
2 3.578995 339896.993192
3 5.172650 259258.860305
4 3.569605 170441.361303
5 3.929044 249833.725505
6 3.683869 166516.543184
7 3.573971 308896.390796
8 3.476762 196838.133722
9 3.577441 267123.294082
10 3.656491 265119.037152
11 3.585143 244775.116433
12 3.701988 166723.853010
13 3.574031 283621.851248
14 3.481392 166640.768461
15 3.643610 314134.678765
16 3.525259 157115.899124
17 3.572574 254574.003897
18 3.632796 254961.785073
19 3.783517 264468.739007
20 3.597259 303359.341836
21 3.689410 313727.384798
22 3.464080 176268.445255
23 3.568250 176454.915150
24 3.484644 166539.543603
25 3.691205 254737.584882
26 3.611882 244157.271795
27 3.637824 244405.494878
28 3.485381 166638.607858
29 3.622508 190309.418835
30 3.618047 285255.172495
31 4.229211 255938.480891
32 3.720258 167921.845514
33 3.618194 265720.175236
34 3.640145 255183.437653
35 3.681675 269068.378475
36 3.484061 166691.386328
37 3.608997 177427.967877
38 4.158815 310836.432265
39 3.767056 336739.707665
40 4.065038 174494.983968
41 3.575871 246861.618188
42 3.588406 341839.142030
43 4.136005 169262.244302
44 3.673287 264473.642273
45 3.677934 176325.140231
46 3.711396 264174.265317
47 3.669206 253528.300700
48 3.647444 175887.524393
49 3.676879 253290.104224
50 3.870542 263610.725519
51 3.584271 165939.081634
52 3.799654 263869.156013
53 3.696184 175922.406952
54 3.723435 253092.564239
55 3.813092 263448.119650
56 3.605619 166507.925080
57 3.659390 263918.164305
58 3.671774 253951.002149
59 3.716432 176232.951809
60 3.733690 264169.146550
61 3.514024 176606.827217
62 3.711954 263349.790081
63 3.777671 264221.105049
64 3.600932 166877.661203
65 3.680590 253879.145724
66 3.625049 253736.881650
67 3.938532 234647.207192
68 3.674198 146786.477450
69 3.575730 166070.354081
70 3.777353 234673.773057
71 3.648397 253285.377937
72 3.631154 166619.094204
73 3.710155 253666.577257
74 3.720343 176222.789576
75 3.794363 265564.402444
76 3.654519 263843.539039
77 3.584163 176553.778950
78 3.799392 264040.900219
79 3.677678 263992.430463
80 3.638873 166809.898621
81 3.669174 254376.854105
82 3.957949 264678.010078
83 3.696345 254208.732638
84 3.585004 166420.804167
85 3.695827 176543.190578
86 3.750483 264596.585640
87 3.697114 254149.892435
88 3.601497 177024.133501
89 3.641362 264974.739453
90 3.765005 264929.310582
91 3.681079 263931.793358
92 3.598809 176178.817213
93 3.766384 176958.569644
94 3.572777 166445.725924
95 3.728601 264303.953298
96 3.645680 263170.302752
97 3.708163 253504.998091
98 3.777536 263566.380694
99 3.602457 175913.956586
