0 11.197112 158018.303400
10 3.679318 265916.664569
20 3.622356 304549.730268
30 3.849613 284026.265562
40 3.533253 157582.674826
50 3.741631 264530.798381
60 3.906458 265145.362527
70 3.747174 235248.361111
80 3.544293 167011.941687
90 3.737168 265109.349572
100 3.783679 254668.442521
110 3.778964 265017.267555
120 3.796859 265805.683076
130 3.751665 265084.347782
140 3.728612 265398.181685
150 3.658883 176576.185312
160 3.732290 176531.354751
170 3.695821 264254.490155
180 3.642768 264762.198153
190 3.724218 166919.400753
200 3.728567 264864.237852
210 3.655270 254376.389580
220 3.638125 264283.666238
230 3.799746 234842.677213
240 3.749523 264635.977969
250 3.786532 254181.143145
260 3.684928 263886.386550
270 3.696744 253774.780384
280 3.545131 166639.497648
290 3.488970 176448.580817
300 3.697868 263808.494007
310 3.671442 264565.542188
320 3.720557 265188.649930
330 3.634586 166561.529798
340 3.676744 253909.048331
350 3.677564 254254.716080
360 3.607183 166658.606056
370 3.545403 176296.026999
380 3.874664 263537.364997
390 3.715641 264525.902371
400 3.526451 176501.014390
410 3.579341 166468.921517
420 3.687696 263774.372767
430 3.638022 263563.659081
440 3.686048 254449.270714
450 3.649454 176656.732825
460 3.667108 263587.855480
470 3.699668 264535.362345
480 3.685133 176725.549775
490 3.701198 263963.250660
500 3.749063 254578.379218
510 3.620033 175906.233887
520 3.573121 176578.518407
530 4.055465 264745.790061
540 3.654560 254106.576742
550 3.659727 166566.998304
560 3.879343 234968.342331
570 3.964154 235106.215698
580 3.787173 166875.959645
590 3.794544 176394.464900
600 3.727456 254571.264947
610 4.067695 265210.227716
620 3.600976 176660.562598
630 3.570659 167027.018874
640 3.715930 264389.358681
650 3.832946 176675.651510
660 3.673760 254973.047370
670 3.803625 166811.864671
680 3.650248 176818.475423
690 3.597704 166481.761987
700 3.670630 254985.520501
710 3.553635 166901.372748
720 3.668323 176916.953110
730 3.652906 254758.795449
740 3.685698 254732.927360
750 3.617296 253879.995443
760 3.600638 166899.012103
770 3.684259 263862.055687
780 3.712323 254463.186816
790 3.953171 255597.418236
800 3.624018 166458.823959
810 3.863440 254012.963641
820 3.827869 254788.136242
830 3.892135 244171.273225
840 3.901907 166548.065416
850 3.659680 243833.709471
860 3.590214 176308.106532
870 3.745783 244942.808649
880 3.802836 234880.529809
890 3.831003 176815.341631
900 3.524209 176200.650848
910 3.654197 176455.515412
920 3.667744 254041.441244
930 3.643101 176451.213642
940 3.566710 176518.420833
950 3.694130 176799.847496
960 3.686316 254576.152607
970 3.825142 255523.249571
980 3.684741 176661.067933
990 3.837598 176947.483541
1000 3.698210 264113.897809
1010 3.528999 176379.299265
1020 3.761645 264690.899529
1030 3.674365 176516.761154
1040 3.886655 265441.712148
1050 3.599430 176357.802145
1060 3.918342 254111.092664
1070 3.805688 255450.716952
1080 3.689088 254896.432194
1090 3.661165 254908.581340
1100 3.773102 264223.501550
1110 3.831654 265460.530518
1120 3.621902 176909.075036
1130 3.919066 254658.785868
1140 3.740674 265114.366740
1150 3.682496 254866.381454
1160 3.672923 253960.177793
1170 3.611198 176907.295140
1180 3.731464 265276.960652
1190 3.852505 265167.604149
1200 3.691751 176421.844644
1210 3.779946 264567.026356
1220 3.571160 176039.528323
1230 3.748399 265702.839004
1240 3.861956 265144.011091
1250 3.610023 176274.556538
1260 3.685435 255649.682438
1270 3.701840 264369.422343
1280 3.877034 254086.244655
1290 3.960908 176572.268589
1300 3.749665 176126.224228
1310 3.669292 264223.565517
1320 3.704808 255001.720911
1330 3.736612 265938.643429
1340 3.595460 176200.658179
1350 3.632503 254633.905848
1360 3.772996 254178.801658
1370 3.836829 176296.408615
1380 3.738399 264596.939477
1390 3.733147 265370.815187
1400 3.576763 175886.895949
1410 3.664125 255481.981287
1420 3.733834 266334.634382
1430 3.643040 264430.115393
1440 3.666450 254669.869962
1450 3.681399 176204.030594
1460 3.790566 264343.035909
1470 3.723008 253997.892806
1480 3.664327 265175.120975
1490 3.611898 176724.621075
1500 3.752043 264309.437344
1510 3.711638 253584.641818
1520 3.644495 254499.375029
1530 3.581779 175774.779452
1540 3.630467 176006.970508
1550 3.650648 263677.471009
1560 3.704975 263740.560719
1570 3.604006 234276.709558
1580 3.648592 264585.743643
1590 3.709246 324422.295559
1600 3.424059 166451.679045
1610 3.631685 176102.782916
1620 3.909221 254140.899253
1630 3.665191 253642.874195
1640 3.570414 253190.646633
1650 3.513576 253183.208737
1660 3.727430 176687.729716
1670 3.953699 263831.172794
1680 3.715348 263716.532390
1690 3.825196 264017.270621
1700 3.737943 264300.294877
1710 3.529724 254123.343822
1720 3.625460 254625.490059
1730 3.630146 176428.603615
1740 3.688796 264260.132574
1750 3.474589 254096.864113
1760 3.465215 166795.275278
1770 3.576645 253901.648593
1780 3.607949 176859.233669
1790 3.558630 253746.084436
1800 3.451290 166565.145047
1810 3.605553 176388.000604
1820 3.677439 254568.725645
1830 3.730259 177595.789981
1840 3.469040 166426.422857
1850 3.574292 265037.362770
1860 3.745188 264124.918639
1870 3.700655 176870.787464
1880 3.733820 176719.428807
1890 3.754575 263866.304501
1900 3.692663 264438.778783
1910 3.573741 264348.777299
1920 3.632774 176847.691450
1930 3.400802 176504.126385
1940 3.652720 263098.030175
1950 3.489947 253428.872113
1960 3.497954 253325.613168
1970 3.438142 166373.996972
1980 3.854336 254041.150753
1990 3.706806 176904.756453
2000 3.798468 176735.626182
2010 3.430372 165972.928851
2020 3.721321 263712.293097
2030 3.525171 253766.308250
2040 3.562921 252841.450306
2050 3.488841 166003.538810
2060 3.707815 176746.557243
2070 3.454847 253870.590148
2080 3.558556 253872.859521
2090 3.685053 254741.686140
2100 3.506695 166064.288864
2110 3.898930 177015.740725
2120 3.540929 264068.114080
2130 3.710844 255318.522935
2140 3.466203 176067.894775
2150 3.482721 166451.934661
2160 3.926093 263546.513143
2170 3.784382 264375.636801
2180 3.649083 176530.709787
2190 3.732421 263708.598498
2200 3.516410 253028.312331
2210 3.529183 264017.437185
2220 3.397799 166495.834528
2230 3.702862 263562.129329
2240 3.710382 264436.323202
2250 3.778642 253935.964019
2260 3.483720 166536.575295
2270 3.541692 254609.740462
2280 3.758572 263612.390986
2290 3.694310 176344.209685
2300 3.425139 166553.673479
2310 3.728946 176517.400956
2320 3.468274 253510.070272
2330 3.523977 253056.018073
2340 3.444911 165755.237220
2350 3.736771 176593.901990
2360 3.569710 176068.208748
2370 3.537400 254562.111200
2380 3.730549 263865.996646
2390 3.743596 176504.488691
2400 3.641505 264776.739830
2410 3.561737 244325.021794
2420 3.444592 165705.381846
2430 3.647323 176212.631597
2440 3.670776 264545.927613
2450 3.533549 254637.461075
2460 3.558505 253395.134570
2470 3.658492 254371.734869
2480 3.634289 176155.762490
2490 3.486616 253761.329487
2500 3.432972 175835.076974
2510 3.653838 255162.486914
2520 3.715553 263358.568111
2530 3.467951 254519.517665
2540 3.624604 253704.720397
2550 3.654330 176051.865381
2560 3.584563 254914.058274
2570 3.712283 264836.940025
2580 3.507355 253439.812464
2590 3.653027 176286.470112
2600 3.696177 263985.061256
2610 3.543699 253128.162358
2620 3.731033 264995.364686
2630 3.706018 265525.398581
2640 3.438765 176102.769365
2650 3.752021 176907.653701
2660 3.605762 176476.451091
2670 3.717331 265420.647962
2680 3.756264 263965.705952
2690 3.739969 176775.073507
2700 3.656074 176512.982267
2710 3.885842 265190.229903
2720 3.436547 175583.125281
2730 3.499798 253588.935555
2740 3.716271 263936.967245
2750 3.745591 176470.312815
2760 3.751370 264037.179364
2770 3.620100 176169.520871
2780 3.661897 266135.852796
2790 3.802583 176590.819313
2800 3.745772 255171.559787
2810 3.740662 265219.274415
2820 3.741537 255038.367380
2830 3.769378 177288.782993
2840 3.592972 257216.149052
2850 3.482022 266977.895582
2860 3.833595 264593.303429
2870 3.757257 175736.095658
2880 3.664781 264616.772213
2890 3.516571 255862.504819
2900 3.855950 256401.536277
2910 3.439318 175900.020267
2920 3.848372 176455.938423
2930 3.712180 264803.695943
2940 3.644487 266084.774633
2950 3.638273 263884.491902
2960 3.572875 176123.154920
2970 3.559333 264402.391152
2980 3.722099 255961.713131
2990 3.732476 264099.170095
3000 3.517079 255224.819579
3010 3.693300 256174.197381
3020 3.737935 265259.566727
3030 3.753584 176568.237599
3040 3.467664 175848.725339
3050 3.665558 255945.126001
3060 3.654749 176232.179292
3070 3.715947 267359.040140
3080 3.753440 265563.791618
3090 3.674859 265732.051314
3100 3.711402 254244.113599
3110 3.472378 175797.766790
3120 3.917950 265927.625286
3130 3.640508 315653.737487
3140 3.750204 176935.592375
3150 3.686650 265130.784859
3160 3.736285 264382.836336
3170 3.702107 264877.198730
3180 3.703806 323647.158488
3190 3.787564 265267.989499
3200 3.798950 265073.724420
3210 3.673416 176862.784015
3220 3.756942 264735.659799
3230 3.780733 264811.579579
3240 3.804095 264930.877731
3250 3.701867 264756.604328
3260 3.633052 176712.701821
3270 3.963585 264771.715662
3280 3.903183 264601.025170
3290 3.643764 176933.686736
3300 3.581478 263969.715337
3310 3.772102 264940.698318
3320 3.950245 264607.643951
3330 3.654426 176869.653083
3340 3.637791 264386.682918
3350 3.575359 264955.294313
3360 3.775615 264696.689721
3370 3.719468 264724.153788
3380 3.744294 265049.357356
3390 3.706324 265084.270381
3400 3.712038 264681.884056
3410 3.616662 264711.274930
3420 3.769974 265137.873115
3430 3.721440 265238.964614
3440 3.748404 265117.572254
3450 3.747538 177022.012764
3460 3.578124 264788.941080
3470 3.718087 264749.089909
3480 3.794324 265093.678980
3490 3.472173 176665.631657
3500 3.590688 264806.266236
3510 3.753105 264828.107208
3520 3.804849 265553.405822
3530 3.836043 177119.476272
3540 3.713663 264838.861320
3550 3.780148 265088.651413
3560 3.737021 265429.421535
3570 3.755080 265172.726367
3580 3.530093 265180.959868
3590 3.486921 147060.912845
3600 3.729682 266269.890267
3610 3.691790 265302.446053
3620 3.710620 265663.498474
3630 3.690641 266182.203614
3640 3.641254 177356.721682
3650 3.455440 176791.146187
3660 3.804714 267879.861391
3670 3.853364 266617.165504
3680 3.801844 177524.781121
3690 3.483597 177128.221637
3700 3.755126 265249.589027
3710 3.661115 263713.919908
3720 3.705033 264914.701329
3730 3.898193 265833.997230
3740 3.997689 268144.176232
3750 3.777082 265360.297344
3760 3.755695 265029.266101
3770 3.756137 267679.663231
3780 3.797230 265828.864871
3790 3.902646 266223.219939
3800 3.843689 266882.242493
3810 3.697300 268175.308236
3820 3.521708 178231.293526
3830 3.777755 265796.635974
3840 3.570497 235869.299222
3850 3.724090 177855.870993
3860 3.860779 267879.613822
3870 3.600809 177292.271439
3880 3.539884 265653.548692
3890 3.716419 266456.174651
3900 3.650371 177291.184853
3910 3.567780 265198.598102
3920 3.558945 266754.236866
3930 3.682481 265875.367733
3940 3.811070 266856.083588
3950 3.572476 178589.910900
3960 3.763479 265730.724061
3970 3.612897 265549.936963
3980 3.495596 176748.800268
3990 3.653293 176803.973692
4000 3.641885 176899.155159
4010 3.767326 265854.067100
4020 3.509837 176738.053829
4030 3.613808 265469.010374
4040 3.596207 265886.889676
4050 3.711211 266084.973466
4060 3.439042 176629.865803
4070 3.778197 265621.794753
4080 3.737703 265741.036359
4090 3.594551 264289.464590
4100 3.694810 176428.011528
4110 3.894485 265983.753225
4120 3.671514 176842.119571
4130 3.635921 176898.234489
4140 3.504124 176207.099465
4150 3.978382 266266.636979
4160 3.802905 265604.452601
4170 3.538201 264086.103590
4180 3.581598 265100.573780
4190 3.896342 265725.552978
4200 4.068027 264800.187749
4210 3.610863 176704.443194
4220 3.593078 264215.673313
4230 3.784809 265944.816355
4240 3.564462 176548.668393
4250 3.758697 265370.482918
4260 3.608619 265816.179014
4270 3.599686 264309.635047
4280 3.656844 176811.252655
4290 3.759234 265091.137117
4300 3.562644 265286.756868
4310 3.678216 176696.078459
4320 3.691754 265046.859488
4330 3.576311 264712.941248
4340 4.020839 266094.399234
4350 3.703845 176905.113195
4360 3.735997 176505.101957
4370 3.593671 264583.577586
4380 3.681691 265844.107025
4390 3.490045 176399.880330
4400 3.662609 265117.592333
4410 3.640319 265500.767463
4420 3.566957 176866.471943
4430 3.808122 176998.808388
4440 3.583105 265917.025987
4450 3.754291 265189.400406
4460 3.647482 266016.757011
4470 4.315933 266767.777059
4480 3.558389 265631.499421
4490 3.791033 265304.090052
4500 3.999858 266478.340531
4510 3.745020 266804.987799
4520 3.785292 266111.713349
4530 3.582778 264607.930470
4540 4.011428 266784.123918
4550 3.483388 176681.694117
4560 3.599356 266139.005537
4570 3.765100 266714.111471
4580 3.828930 265261.501464
4590 3.739275 176572.890269
4600 3.696856 265681.243960
4610 3.541342 264780.583178
4620 3.558594 266522.364710
4630 3.469169 176673.474189
4640 3.813940 265560.623007
4650 3.763622 266490.322768
4660 3.659887 177107.294907
4670 3.704372 176479.169533
4680 3.765281 266323.313778
4690 3.607433 266484.111027
4700 4.083359 305419.284559
4710 3.678099 177112.651429
4720 3.739160 266221.070444
4730 3.564778 267350.181898
4740 3.874816 265052.508076
4750 3.439454 176614.645837
4760 3.597524 266430.567798
4770 3.565764 323791.892001
4780 3.514463 176787.853568
4790 3.834964 264927.941298
4800 3.616126 264770.325775
4810 3.626463 176853.279082
4820 3.552742 176719.650965
4830 3.627045 264524.835486
4840 3.761553 264909.109504
4850 3.688186 254030.321416
4860 3.673918 147358.724659
4870 3.626495 264077.984581
4880 3.537482 255546.524016
4890 3.680520 256032.133375
4900 3.653687 176899.906783
4910 3.557144 176737.407841
4920 3.561684 177022.065504
4930 3.706436 264384.079078
4940 3.643076 264355.780218
4950 3.641459 253692.580677
4960 3.882567 166776.821712
4970 3.780456 265013.154840
4980 3.682252 254449.128126
4990 3.664860 177106.415663
5000 3.716728 264899.792155
5010 3.625265 176807.476006
5020 3.671377 263805.549409
5030 3.500410 167192.809641
5040 3.627076 264198.435574
5050 3.773663 264771.392536
5060 3.658143 253788.853878
5070 3.539056 176706.866244
5080 3.662109 254847.035328
5090 3.674252 176874.968078
5100 3.680222 264283.991607
5110 3.671530 254349.253148
5120 3.646703 255103.393896
5130 3.744767 255376.019938
5140 3.697209 254781.598904
5150 3.631099 264604.345785
5160 3.656244 265150.134564
5170 3.755350 264940.629270
5180 3.624226 264734.345749
5190 3.622864 264634.095351
5200 3.614175 255042.743316
5210 3.676941 167217.586340
5220 3.721040 265517.949586
5230 3.562371 177058.834307
5240 3.624798 264962.888931
5250 3.528693 176710.376687
5260 3.968266 265326.005137
5270 3.667616 253886.145683
5280 3.950821 245145.905613
5290 3.655705 176935.324085
5300 3.552179 166960.892172
5310 3.705545 254180.848398
5320 3.703828 265198.610521
5330 3.720483 265788.673619
5340 3.502864 167376.483759
5350 3.508665 167567.383287
5360 3.652603 265461.771153
5370 3.758972 236679.103404
5380 3.635809 255157.187580
5390 3.543226 176867.004581
5400 3.720071 255601.469728
5410 4.222869 265246.330202
5420 3.617189 147699.972082
5430 3.657678 264857.701431
5440 3.550450 166918.473126
5450 3.665324 255287.230890
5460 3.618024 177566.660585
5470 3.761880 266018.965029
5480 3.541279 167342.097391
5490 3.842325 265029.808605
5500 3.682752 167615.407329
5510 3.768683 254317.559881
5520 3.641131 254754.079446
5530 3.669404 255913.752863
5540 3.719021 177454.094026
5550 3.756523 265867.339553
5560 3.720055 266597.926614
5570 3.632755 177799.241484
5580 3.663133 245497.415779
5590 3.740371 238000.517383
5600 3.559143 170455.250995
5610 3.901788 257327.295016
5620 3.630903 265757.721413
5630 3.561558 176833.014765
5640 3.493386 177137.180714
5650 3.689133 177256.999445
5660 3.736943 266308.621999
5670 3.512645 167525.699996
5680 3.719270 167564.025366
5690 3.656274 177190.351024
5700 3.740810 256342.471365
5710 3.778597 255303.816991
5720 3.595778 255822.089541
5730 3.663384 177227.853876
5740 3.752686 289204.117903
5750 3.743232 272277.753940
5760 3.665211 177974.459145
5770 3.689375 254502.986223
5780 3.699773 236480.399622
5790 3.694443 176776.337801
5800 3.716158 255236.660962
5810 3.639448 265190.306537
5820 3.734892 255982.795718
5830 3.554051 176928.220993
5840 3.787123 278992.462908
5850 5.295759 282536.957687
5860 3.890385 256270.160070
5870 3.567212 176980.727725
5880 3.617365 254626.870927
5890 3.651608 255765.766987
5900 3.614102 177404.151025
5910 3.530805 177073.628997
5920 3.730588 236474.512073
5930 3.653863 265182.703320
5940 3.632050 255476.692465
5950 3.681914 256191.816631
5960 3.498409 176688.526131
5970 3.637710 256130.845552
5980 3.575930 265854.351320
5990 3.749899 267381.208857
6000 3.636288 265805.629392
6010 3.695754 256872.790578
6020 3.567189 177978.138824
6030 3.645952 257357.184597
6040 3.553350 227432.398776
6050 4.101069 302163.422050
6060 3.729086 266573.947754
6070 3.723616 265304.477389
6080 3.568906 176859.467758
6090 3.729090 236352.740600
6100 3.849790 265851.033121
6110 3.609084 265057.446748
6120 3.607095 255038.818908
6130 3.711975 266591.580897
6140 3.658356 259281.750977
6150 3.520947 177179.368988
6160 3.752935 266997.587073
6170 3.885584 265566.585583
6180 3.799823 255624.600438
6190 3.683446 236133.787245
6200 3.640759 264769.731137
6210 3.653291 256103.070370
6220 3.898416 266619.321904
6230 3.836393 265908.502833
6240 3.601299 177013.637343
6250 3.628345 255956.271419
6260 3.651273 177023.325801
6270 3.703050 237383.519406
6280 3.695785 274523.560151
6290 3.626126 266111.596626
6300 3.632986 177095.720950
6310 3.723825 199246.354531
6320 3.690942 273064.322412
6330 3.551017 180707.873446
6340 3.571237 177565.116136
6350 3.558734 180014.108125
6360 3.555490 236056.637085
6370 3.608771 324361.150717
6380 3.470841 254278.278073
6390 3.719030 254048.858620
6400 3.605276 264562.908884
6410 3.486272 234494.022809
6420 3.394886 166524.270191
6430 3.454516 263858.233617
6440 3.508796 254110.076883
6450 3.406327 166490.062879
6460 3.538879 283031.021408
6470 3.525616 147279.635007
6480 3.393598 146853.678553
6490 3.496282 255074.588046
6500 3.470764 255007.125991
6510 3.806980 255421.661913
6520 3.429572 147371.842563
6530 3.490382 254266.777424
6540 3.479917 254876.979850
6550 3.664764 255656.649454
6560 3.396193 166676.378164
6570 3.500059 254197.867366
6580 3.412252 166659.734739
6590 3.759708 265428.925350
6600 3.556423 253865.158223
6610 3.478934 254237.419739
6620 3.520530 254970.772563
6630 3.685010 255693.880647
6640 3.419176 253875.966407
6650 3.450566 258034.567314
6660 3.471645 254972.249861
6670 3.535646 147186.234189
6680 3.469520 253771.844809
6690 3.498423 264016.667600
6700 3.513239 167048.393210
6710 3.451709 253526.999926
6720 3.616859 255770.939895
6730 3.526914 147324.604055
6740 3.343960 166849.968437
6750 3.601297 253182.128843
6760 3.461244 253428.155846
6770 3.862854 147469.251648
6780 3.389216 147309.870017
6790 3.445815 254338.649483
6800 3.992893 256040.692246
6810 3.388561 166526.093219
6820 3.495077 147071.055726
6830 3.533426 253846.792916
6840 3.546796 255260.270260
6850 3.348869 166693.502201
6860 3.541082 147427.388555
6870 3.407178 253609.020643
6880 3.493737 253948.171110
6890 3.386198 153097.567374
6900 4.089806 259336.205160
6910 3.516790 256090.239670
6920 3.506459 254038.184815
6930 3.461566 254959.291030
6940 3.672072 266429.076322
6950 3.739156 167425.080247
6960 3.528796 262161.477439
6970 3.523105 257477.688647
6980 3.490881 255870.019422
6990 3.396883 177696.739013
7000 3.457678 236370.402071
7010 3.534353 255724.541180
7020 3.485681 148184.059354
7030 3.455524 292765.352480
7040 3.405589 150007.014104
7050 3.961624 281301.693771
7060 3.652192 266838.492199
7070 3.360826 166857.990468
7080 3.417835 254013.071592
7090 3.498790 254747.550063
7100 3.461703 265957.370620
7110 3.556260 147368.868966
7120 3.655581 256287.103376
7130 3.833360 263994.549601
7140 3.495277 245922.763678
7150 3.533109 147224.950550
7160 3.411044 166452.410080
7170 3.504460 254920.168307
7180 3.480617 245814.112573
7190 3.494509 147275.892990
7200 3.705159 254225.442928
7210 3.445443 234982.842110
7220 3.500569 265302.649817
7230 3.477747 147395.148477
7240 3.547294 254241.425676
7250 3.504441 253702.148150
7260 3.524339 254632.841927
7270 3.401855 176187.070551
7280 3.378846 176771.974976
7290 3.479132 256313.585783
7300 3.645853 254711.208196
7310 3.645020 256357.261208
7320 3.507037 147430.687793
7330 3.427566 255864.914740
7340 3.654402 255097.343419
7350 3.531180 176797.629896
7360 3.573857 256398.605514
7370 3.367002 176593.833685
7380 3.485204 255106.134549
7390 3.696532 255291.551796
7400 3.444695 256555.343023
7410 3.344705 176172.449963
7420 3.607789 254458.789469
7430 3.490642 256768.748593
7440 3.640618 176674.490856
7450 3.658472 266781.533246
7460 3.455901 254448.205447
7470 3.352125 176307.494384
7480 3.482452 176793.704218
7490 3.473655 254495.773548
7500 3.463106 256002.606684
7510 3.436541 176886.661491
7520 3.517446 176382.885909
7530 3.526669 176506.603847
7540 3.512994 254529.032264
7550 3.643842 267125.388307
7560 3.435772 254559.768624
7570 3.585513 267171.796551
7580 3.578006 265742.119424
7590 3.403806 176933.307277
7600 3.568510 255189.794275
7610 3.523063 254173.944897
7620 3.461104 257291.604597
7630 3.581601 176545.553421
7640 3.537678 254803.924618
7650 3.528541 255296.228561
7660 3.462926 254736.342428
7670 3.773232 176498.613838
7680 3.437608 256093.303783
7690 3.537579 254239.598972
7700 3.447927 176405.452566
7710 3.653969 177190.520719
7720 3.494617 257627.951667
7730 3.475856 255148.766914
7740 3.464696 255482.508907
7750 3.471864 255982.611830
7760 3.448005 267264.902472
7770 3.516103 176915.956716
7780 3.544556 177280.939762
7790 3.571756 257321.712090
7800 3.489140 254916.421441
7810 3.417332 176463.020771
7820 3.449774 255236.495500
7830 3.681754 257207.990523
7840 3.487566 254945.471922
7850 3.487224 255287.484692
7860 3.353637 205819.083931
7870 3.619507 257783.819150
7880 3.446480 255010.272326
7890 3.647321 277040.942513
7900 3.598679 325081.822317
7910 3.867468 286841.493116
7920 3.514088 303379.406227
7930 3.498477 255901.687439
7940 3.517049 176812.655274
7950 3.620010 176736.632552
7960 3.752723 236311.665705
7970 3.600273 235933.393493
7980 3.610810 235541.720529
7990 3.562363 235708.146907
8000 3.446224 255589.569654
8010 3.458141 265474.297300
8020 3.628679 235153.576318
8030 3.400041 235206.845469
8040 3.543795 235104.030590
8050 3.623022 235381.513718
8060 3.472275 235220.676066
8070 3.816385 235297.709617
8080 3.452864 255060.009311
8090 3.453612 254833.637632
8100 3.644895 235649.706162
8110 3.512303 254940.041747
8120 3.534946 235640.727745
8130 3.615504 254929.426147
8140 3.374544 254721.774830
8150 3.726233 254575.072663
8160 3.889550 235822.243620
8170 3.532688 166952.692275
8180 3.338298 254045.280374
8190 3.322706 147316.547702
8200 3.300031 254286.330291
8210 3.565069 235274.330416
8220 3.557536 235930.389001
8230 3.379742 147518.416235
8240 3.556859 254192.689855
8250 3.263048 166648.273625
8260 3.616565 236183.787793
8270 3.320517 147263.752720
8280 3.583725 255116.009116
8290 3.229670 166721.049980
8300 3.302115 254217.408718
8310 3.482327 255220.276893
8320 3.365165 254370.176399
8330 3.327818 254957.687172
8340 3.247087 166555.073460
8350 3.470746 255109.590592
8360 3.933657 235273.941569
8370 3.539189 255043.503956
8380 3.394741 147327.215002
8390 3.882454 244599.001593
8400 3.558615 235805.494950
8410 3.492090 255493.521236
8420 3.312193 253814.101217
8430 3.272095 166552.044242
8440 3.617125 235531.585418
8450 3.354368 166790.174883
8460 3.205787 166667.522695
8470 3.506143 235594.146629
8480 3.403994 254384.048098
8490 3.767573 235880.348569
8500 3.570007 235650.549971
8510 3.573791 167521.943940
8520 3.331603 254041.371004
8530 3.680523 236173.731016
8540 3.768021 255842.408939
8550 3.260569 167164.866097
8560 3.590704 236591.304448
8570 3.631476 256248.203694
8580 3.378871 254249.480679
8590 3.269590 167066.732513
8600 3.388553 147899.936303
8610 3.599878 236363.295026
8620 3.521104 255792.410830
8630 3.602663 237673.328838
8640 3.372820 147868.746585
8650 3.499482 256526.726984
8660 3.614304 226096.994459
8670 3.462975 254732.943537
8680 3.423350 168363.541467
8690 3.347536 255888.289295
8700 3.507188 225946.475640
8710 3.561902 207141.521342
8720 3.539579 225999.454262
8730 3.515774 256428.484737
8740 3.464707 166845.518250
8750 3.584113 236291.525673
8760 3.485978 245713.294783
8770 3.600516 255389.710259
8780 3.252338 166952.186645
8790 3.425933 176793.727903
8800 3.609851 236980.076651
8810 3.424957 236739.336146
8820 3.281337 166672.499095
8830 3.613535 236458.227827
8840 3.529010 256461.980877
8850 3.350467 254885.902105
8860 3.291674 253925.993503
8870 3.456112 255654.856140
8880 3.691887 255924.300278
8890 3.418584 176702.894560
8900 3.593884 235812.573242
8910 3.622516 235984.151471
8920 3.477939 256064.661845
8930 3.713115 236309.169916
8940 3.282279 176606.681630
8950 3.484064 254397.881405
8960 3.497783 244651.693156
8970 3.357293 176006.640288
8980 3.407936 176906.721924
8990 3.542219 236377.372540
9000 3.381584 254491.202525
9010 3.632407 236045.104458
9020 3.413423 176446.529939
9030 3.474583 255166.356134
9040 3.697939 235630.607442
9050 3.556181 255323.265613
9060 3.527644 176860.042578
9070 3.638705 236253.107729
9080 3.829688 236898.820904
9090 3.359032 254230.421805
9100 3.251861 255313.641552
9110 3.614566 255754.898811
9120 3.513829 256805.149102
9130 3.298240 175919.393292
9140 3.482805 255370.377271
9150 3.801644 237138.266942
9160 3.431981 176536.424163
9170 3.504487 256144.221698
9180 3.628229 255745.467912
9190 3.963964 236281.649521
9200 3.415787 176810.712907
9210 3.387768 255315.446299
9220 3.581142 237118.599289
9230 3.709744 236107.427930
9240 3.397764 176653.439969
9250 3.716596 255555.939313
9260 3.310077 254426.023466
9270 3.465862 255610.658710
9280 3.464208 176584.975490
9290 3.335275 253922.369520
9300 3.408853 176777.755224
9310 3.610514 236251.972318
9320 3.308864 176612.297499
9330 3.409254 177312.883622
9340 3.563736 236526.240690
9350 3.325255 254998.306205
9360 3.247398 176354.896397
9370 3.487943 257268.529922
9380 3.323392 256807.338611
9390 3.464495 257161.493122
9400 3.296199 176017.281030
9410 3.556673 236193.655407
9420 3.355504 176467.546422
9430 3.509346 256825.251276
9440 3.628180 294645.120999
9450 3.675852 255067.958166
9460 3.240702 175844.339429
9470 3.461440 256223.651179
9480 3.286836 256185.311463
9490 3.381355 226008.787126
9500 3.348692 255905.923653
9510 3.261837 256517.837603
9520 3.289128 256439.039638
9530 3.281424 255526.551857
9540 3.329966 304290.061080
9550 3.299158 303141.800590
